Using pre-set license
Built from '2021.3/staging' branch; Version is '2021.3.10f1 (1c7d0df0160b) revision 1867021'; Using compiler version '192829333'; Build Type 'Release'
OS: 'Windows 10  (10.0.19044) 64bit Core' Language: 'de' Physical Memory: 16330 MB
BatchMode: 1, IsHumanControllingUs: 0, StartBugReporterOnCrash: 0, Is64bit: 1, IsPro: 1

COMMAND LINE ARGUMENTS:
C:\Program Files\Unity\Hub\Editor\2021.3.10f1\Editor\Unity.exe
-adb2
-batchMode
-noUpm
-name
AssetImportWorker3
-projectPath
C:/Users/Student/Documents/GitHub/Catnip
-logFile
Logs/AssetImportWorker3.log
-srvPort
62343
Successfully changed project path to: C:/Users/Student/Documents/GitHub/Catnip
C:/Users/Student/Documents/GitHub/Catnip
[UnityMemory] Configuration Parameters - Can be set up in boot.config
    "memorysetup-bucket-allocator-granularity=16"
    "memorysetup-bucket-allocator-bucket-count=8"
    "memorysetup-bucket-allocator-block-size=33554432"
    "memorysetup-bucket-allocator-block-count=8"
    "memorysetup-main-allocator-block-size=16777216"
    "memorysetup-thread-allocator-block-size=16777216"
    "memorysetup-gfx-main-allocator-block-size=16777216"
    "memorysetup-gfx-thread-allocator-block-size=16777216"
    "memorysetup-cache-allocator-block-size=4194304"
    "memorysetup-typetree-allocator-block-size=2097152"
    "memorysetup-profiler-bucket-allocator-granularity=16"
    "memorysetup-profiler-bucket-allocator-bucket-count=8"
    "memorysetup-profiler-bucket-allocator-block-size=33554432"
    "memorysetup-profiler-bucket-allocator-block-count=8"
    "memorysetup-profiler-allocator-block-size=16777216"
    "memorysetup-profiler-editor-allocator-block-size=1048576"
    "memorysetup-temp-allocator-size-main=16777216"
    "memorysetup-job-temp-allocator-block-size=2097152"
    "memorysetup-job-temp-allocator-block-size-background=1048576"
    "memorysetup-job-temp-allocator-reduction-small-platforms=262144"
    "memorysetup-temp-allocator-size-background-worker=32768"
    "memorysetup-temp-allocator-size-job-worker=262144"
    "memorysetup-temp-allocator-size-preload-manager=33554432"
    "memorysetup-temp-allocator-size-nav-mesh-worker=65536"
    "memorysetup-temp-allocator-size-audio-worker=65536"
    "memorysetup-temp-allocator-size-cloud-worker=32768"
    "memorysetup-temp-allocator-size-gi-baking-worker=262144"
    "memorysetup-temp-allocator-size-gfx=262144"
Refreshing native plugins compatible for Editor in 131.07 ms, found 9 plugins.
Preloading 0 native plugins for Editor in 0.00 ms.
Initialize engine version: 2021.3.10f1 (1c7d0df0160b)
[Subsystems] Discovering subsystems at path C:/Program Files/Unity/Hub/Editor/2021.3.10f1/Editor/Data/Resources/UnitySubsystems
[Subsystems] Discovering subsystems at path C:/Users/Student/Documents/GitHub/Catnip/Assets
GfxDevice: creating device client; threaded=0; jobified=0
Direct3D:
    Version:  Direct3D 11.0 [level 11.1]
    Renderer: NVIDIA GeForce GTX 1080 (ID=0x1be0)
    Vendor:   NVIDIA
    VRAM:     8079 MB
    Driver:   27.21.14.5720
Initialize mono
Mono path[0] = 'C:/Program Files/Unity/Hub/Editor/2021.3.10f1/Editor/Data/Managed'
Mono path[1] = 'C:/Program Files/Unity/Hub/Editor/2021.3.10f1/Editor/Data/MonoBleedingEdge/lib/mono/unityjit-win32'
Mono config path = 'C:/Program Files/Unity/Hub/Editor/2021.3.10f1/Editor/Data/MonoBleedingEdge/etc'
Using monoOptions --debugger-agent=transport=dt_socket,embedding=1,server=y,suspend=n,address=127.0.0.1:56028
Begin MonoManager ReloadAssembly
Registering precompiled unity dll's ...
Register platform support module: C:/Program Files/Unity/Hub/Editor/2021.3.10f1/Editor/Data/PlaybackEngines/WindowsStandaloneSupport/UnityEditor.WindowsStandalone.Extensions.dll
Registered in 0.008777 seconds.
Native extension for WindowsStandalone target not found
Refreshing native plugins compatible for Editor in 100.81 ms, found 9 plugins.
Preloading 0 native plugins for Editor in 0.00 ms.
Mono: successfully reloaded assembly
- Completed reload, in  0.729 seconds
Domain Reload Profiling:
	ReloadAssembly (730ms)
		BeginReloadAssembly (89ms)
			ExecutionOrderSort (0ms)
			DisableScriptedObjects (0ms)
			BackupInstance (0ms)
			ReleaseScriptingObjects (0ms)
			CreateAndSetChildDomain (1ms)
		EndReloadAssembly (517ms)
			LoadAssemblies (85ms)
			RebuildTransferFunctionScriptingTraits (0ms)
			SetupTypeCache (113ms)
			ReleaseScriptCaches (0ms)
			RebuildScriptCaches (30ms)
			SetupLoadedEditorAssemblies (316ms)
				LogAssemblyErrors (0ms)
				InitializePlatformSupportModulesInManaged (8ms)
				SetLoadedEditorAssemblies (0ms)
				RefreshPlugins (101ms)
				BeforeProcessingInitializeOnLoad (1ms)
				ProcessInitializeOnLoadAttributes (149ms)
				ProcessInitializeOnLoadMethodAttributes (56ms)
				AfterProcessingInitializeOnLoad (0ms)
				EditorAssembliesLoaded (0ms)
			ExecutionOrderSort2 (0ms)
			AwakeInstancesAfterBackupRestoration (0ms)
Platform modules already initialized, skipping
Registering precompiled user dll's ...
Registered in 0.010492 seconds.
Begin MonoManager ReloadAssembly
Symbol file LoadedFromMemory doesn't match image C:\Users\Student\Documents\GitHub\Catnip\Library\PackageCache\com.unity.visualscripting@1.7.8\Editor\VisualScripting.Core\Dependencies\DotNetZip\Unity.VisualScripting.IonicZip.dll
Symbol file LoadedFromMemory doesn't match image C:\Users\Student\Documents\GitHub\Catnip\Library\PackageCache\com.unity.visualscripting@1.7.8\Editor\VisualScripting.Core\Dependencies\YamlDotNet\Unity.VisualScripting.YamlDotNet.dll
Native extension for WindowsStandalone target not found
Refreshing native plugins compatible for Editor in 104.94 ms, found 9 plugins.
Preloading 0 native plugins for Editor in 0.00 ms.
Package Manager log level set to [2]
Mono: successfully reloaded assembly
- Completed reload, in  1.406 seconds
Domain Reload Profiling:
	ReloadAssembly (1407ms)
		BeginReloadAssembly (129ms)
			ExecutionOrderSort (0ms)
			DisableScriptedObjects (6ms)
			BackupInstance (0ms)
			ReleaseScriptingObjects (0ms)
			CreateAndSetChildDomain (22ms)
		EndReloadAssembly (1132ms)
			LoadAssemblies (112ms)
			RebuildTransferFunctionScriptingTraits (0ms)
			SetupTypeCache (311ms)
			ReleaseScriptCaches (1ms)
			RebuildScriptCaches (64ms)
			SetupLoadedEditorAssemblies (595ms)
				LogAssemblyErrors (0ms)
				InitializePlatformSupportModulesInManaged (5ms)
				SetLoadedEditorAssemblies (0ms)
				RefreshPlugins (105ms)
				BeforeProcessingInitializeOnLoad (114ms)
				ProcessInitializeOnLoadAttributes (329ms)
				ProcessInitializeOnLoadMethodAttributes (31ms)
				AfterProcessingInitializeOnLoad (10ms)
				EditorAssembliesLoaded (0ms)
			ExecutionOrderSort2 (0ms)
			AwakeInstancesAfterBackupRestoration (7ms)
Platform modules already initialized, skipping
========================================================================
Worker process is ready to serve import requests
Launched and connected shader compiler UnityShaderCompiler.exe after 0.05 seconds
Refreshing native plugins compatible for Editor in 1.19 ms, found 9 plugins.
Preloading 0 native plugins for Editor in 0.00 ms.
Unloading 4218 Unused Serialized files (Serialized files now loaded: 0)
Unloading 46 unused Assets / (57.6 KB). Loaded Objects now: 4683.
Memory consumption went from 161.3 MB to 161.2 MB.
Total: 4.533000 ms (FindLiveObjects: 0.580100 ms CreateObjectMapping: 0.498400 ms MarkObjects: 3.227000 ms  DeleteObjects: 0.225700 ms)

AssetImportParameters requested are different than current active one (requested -> active):
  custom:video-decoder-ogg-theora: a1e56fd34408186e4bbccfd4996cb3dc -> 
  custom:container-muxer-webm: aa71ff27fc2769a1b78a27578f13a17b -> 
  custom:container-demuxer-webm: 4f35f7cbe854078d1ac9338744f61a02 -> 
  custom:video-encoder-webm-vp8: eb34c28f22e8b96e1ab97ce403110664 -> 
  custom:audio-encoder-webm-vorbis: bf7c407c2cedff20999df2af8eb42d56 -> 
  custom:framework-win-MediaFoundation: 216162199b28c13a410421893ffa2e32 -> 
  custom:container-demuxer-ogg: 62fdf1f143b41e24485cea50d1cbac27 -> 
  custom:video-decoder-webm-vp8: 9c59270c3fd7afecdb556c50c9e8de78 -> 
  custom:audio-decoder-ogg-vorbis: bf7c407c2cedff20999df2af8eb42d56 -> 
========================================================================
Received Import Request.
  Time since last request: 16022.717079 seconds.
  path: Assets/Door/DoorPackFree/Meshes/Door001/V2/Aferar_13 - Default_AO.png
  artifactKey: Guid(1091c73cfaecb1e41a7f2d66b5548365) Importer(815301076,1909f56bfc062723c751e8b465ee728b)
Start importing Assets/Door/DoorPackFree/Meshes/Door001/V2/Aferar_13 - Default_AO.png using Guid(1091c73cfaecb1e41a7f2d66b5548365) Importer(815301076,1909f56bfc062723c751e8b465ee728b)  -> (artifact id: '3f45de1aa3bc04135183418584ac6d57') in 0.092297 seconds 
========================================================================
Received Import Request.
  Time since last request: 0.000026 seconds.
  path: Assets/Door/DoorPackFree/Meshes/Door001/V6/Aferar_13 - Default_AO.png
  artifactKey: Guid(0ffb81b0528c7604ab017e61045f45f4) Importer(815301076,1909f56bfc062723c751e8b465ee728b)
Start importing Assets/Door/DoorPackFree/Meshes/Door001/V6/Aferar_13 - Default_AO.png using Guid(0ffb81b0528c7604ab017e61045f45f4) Importer(815301076,1909f56bfc062723c751e8b465ee728b)  -> (artifact id: '25ba95e6d8c3a8280ec4a7d03190f724') in 0.021187 seconds 
========================================================================
Received Import Request.
  Time since last request: 0.000031 seconds.
  path: Assets/Door/DoorPackFree/Meshes/Door001/V5/Aferar_13 - Default_Normal.png
  artifactKey: Guid(96c6fb585e424844f9d5f2347f6c892e) Importer(815301076,1909f56bfc062723c751e8b465ee728b)
Start importing Assets/Door/DoorPackFree/Meshes/Door001/V5/Aferar_13 - Default_Normal.png using Guid(96c6fb585e424844f9d5f2347f6c892e) Importer(815301076,1909f56bfc062723c751e8b465ee728b)  -> (artifact id: 'cb4568433e7dad4f6388cd2efb7d749a') in 0.087873 seconds 
========================================================================
Received Import Request.
  Time since last request: 0.000035 seconds.
  path: Assets/Door/DoorPackFree/Meshes/Door001/V3/Aferar_13 - Default_Normal.png
  artifactKey: Guid(7150f51fa092a5a44a2714c16a5c407d) Importer(815301076,1909f56bfc062723c751e8b465ee728b)
Start importing Assets/Door/DoorPackFree/Meshes/Door001/V3/Aferar_13 - Default_Normal.png using Guid(7150f51fa092a5a44a2714c16a5c407d) Importer(815301076,1909f56bfc062723c751e8b465ee728b)  -> (artifact id: 'f4dcd9209065255a5e69a05cfa0ee97c') in 0.044422 seconds 
========================================================================
Received Import Request.
  Time since last request: 0.000059 seconds.
  path: Assets/Door/DoorPackFree/Meshes/Door001/V4/Aferar_13 - Default_AO.png
  artifactKey: Guid(f46c2010e4a65de44aa05e7a78cec7b0) Importer(815301076,1909f56bfc062723c751e8b465ee728b)
Start importing Assets/Door/DoorPackFree/Meshes/Door001/V4/Aferar_13 - Default_AO.png using Guid(f46c2010e4a65de44aa05e7a78cec7b0) Importer(815301076,1909f56bfc062723c751e8b465ee728b)  -> (artifact id: 'f9d2a1e2f488ff8a5d249896c4de79bb') in 0.014835 seconds 
========================================================================
Received Import Request.
  Time since last request: 0.000023 seconds.
  path: Assets/Door/DoorPackFree/Meshes/Door001/V7/Aferar_13 - Default_SpecularSmoothness.png
  artifactKey: Guid(ed800070650b895418e86461fd5abc40) Importer(815301076,1909f56bfc062723c751e8b465ee728b)
Start importing Assets/Door/DoorPackFree/Meshes/Door001/V7/Aferar_13 - Default_SpecularSmoothness.png using Guid(ed800070650b895418e86461fd5abc40) Importer(815301076,1909f56bfc062723c751e8b465ee728b)  -> (artifact id: 'b5d77a0910140fdd1eb043054dcaa063') in 0.032106 seconds 
========================================================================
Received Import Request.
  Time since last request: 0.000025 seconds.
  path: Assets/Door/DoorPackFree/Meshes/Door001/V7/Aferar_13 - Default_Normal.png
  artifactKey: Guid(030c4c619d224ab438e38b06e20193c2) Importer(815301076,1909f56bfc062723c751e8b465ee728b)
Start importing Assets/Door/DoorPackFree/Meshes/Door001/V7/Aferar_13 - Default_Normal.png using Guid(030c4c619d224ab438e38b06e20193c2) Importer(815301076,1909f56bfc062723c751e8b465ee728b)  -> (artifact id: '3337330223842dd3b2e70d487ea0a0e4') in 0.034736 seconds 
========================================================================
Received Import Request.
  Time since last request: 0.000082 seconds.
  path: Assets/Suburban Structure Kit/Materials/AlluminumWhite 1.mat
  artifactKey: Guid(533725a8f5f71304e824d5986296c5f5) Importer(815301076,1909f56bfc062723c751e8b465ee728b)
Start importing Assets/Suburban Structure Kit/Materials/AlluminumWhite 1.mat using Guid(533725a8f5f71304e824d5986296c5f5) Importer(815301076,1909f56bfc062723c751e8b465ee728b)  -> (artifact id: '0dcb4d6431e108d2ba8adce20059faff') in 0.101316 seconds 
Editor requested this worker to shutdown with reason: Scaling down because of idle timeout
AssetImportWorker is now disconnected from the server
Process exiting
Exiting without the bug reporter. Application will terminate with return code 0