Using pre-set license
Built from '2021.3/staging' branch; Version is '2021.3.10f1 (1c7d0df0160b) revision 1867021'; Using compiler version '192829333'; Build Type 'Release'
OS: 'Windows 10  (10.0.19044) 64bit Core' Language: 'de' Physical Memory: 16330 MB
BatchMode: 1, IsHumanControllingUs: 0, StartBugReporterOnCrash: 0, Is64bit: 1, IsPro: 1

COMMAND LINE ARGUMENTS:
C:\Program Files\Unity\Hub\Editor\2021.3.10f1\Editor\Unity.exe
-adb2
-batchMode
-noUpm
-name
AssetImportWorker4
-projectPath
C:/Users/Student/Documents/GitHub/Catnip
-logFile
Logs/AssetImportWorker4.log
-srvPort
56105
Successfully changed project path to: C:/Users/Student/Documents/GitHub/Catnip
C:/Users/Student/Documents/GitHub/Catnip
[UnityMemory] Configuration Parameters - Can be set up in boot.config
    "memorysetup-bucket-allocator-granularity=16"
    "memorysetup-bucket-allocator-bucket-count=8"
    "memorysetup-bucket-allocator-block-size=33554432"
    "memorysetup-bucket-allocator-block-count=8"
    "memorysetup-main-allocator-block-size=16777216"
    "memorysetup-thread-allocator-block-size=16777216"
    "memorysetup-gfx-main-allocator-block-size=16777216"
    "memorysetup-gfx-thread-allocator-block-size=16777216"
    "memorysetup-cache-allocator-block-size=4194304"
    "memorysetup-typetree-allocator-block-size=2097152"
    "memorysetup-profiler-bucket-allocator-granularity=16"
    "memorysetup-profiler-bucket-allocator-bucket-count=8"
    "memorysetup-profiler-bucket-allocator-block-size=33554432"
    "memorysetup-profiler-bucket-allocator-block-count=8"
    "memorysetup-profiler-allocator-block-size=16777216"
    "memorysetup-profiler-editor-allocator-block-size=1048576"
    "memorysetup-temp-allocator-size-main=16777216"
    "memorysetup-job-temp-allocator-block-size=2097152"
    "memorysetup-job-temp-allocator-block-size-background=1048576"
    "memorysetup-job-temp-allocator-reduction-small-platforms=262144"
    "memorysetup-temp-allocator-size-background-worker=32768"
    "memorysetup-temp-allocator-size-job-worker=262144"
    "memorysetup-temp-allocator-size-preload-manager=33554432"
    "memorysetup-temp-allocator-size-nav-mesh-worker=65536"
    "memorysetup-temp-allocator-size-audio-worker=65536"
    "memorysetup-temp-allocator-size-cloud-worker=32768"
    "memorysetup-temp-allocator-size-gi-baking-worker=262144"
    "memorysetup-temp-allocator-size-gfx=262144"
Refreshing native plugins compatible for Editor in 255.81 ms, found 9 plugins.
Preloading 0 native plugins for Editor in 0.00 ms.
Initialize engine version: 2021.3.10f1 (1c7d0df0160b)
[Subsystems] Discovering subsystems at path C:/Program Files/Unity/Hub/Editor/2021.3.10f1/Editor/Data/Resources/UnitySubsystems
[Subsystems] Discovering subsystems at path C:/Users/Student/Documents/GitHub/Catnip/Assets
GfxDevice: creating device client; threaded=0; jobified=0
Direct3D:
    Version:  Direct3D 11.0 [level 11.1]
    Renderer: NVIDIA GeForce GTX 1080 (ID=0x1be0)
    Vendor:   NVIDIA
    VRAM:     8079 MB
    Driver:   27.21.14.5720
Initialize mono
Mono path[0] = 'C:/Program Files/Unity/Hub/Editor/2021.3.10f1/Editor/Data/Managed'
Mono path[1] = 'C:/Program Files/Unity/Hub/Editor/2021.3.10f1/Editor/Data/MonoBleedingEdge/lib/mono/unityjit-win32'
Mono config path = 'C:/Program Files/Unity/Hub/Editor/2021.3.10f1/Editor/Data/MonoBleedingEdge/etc'
Using monoOptions --debugger-agent=transport=dt_socket,embedding=1,server=y,suspend=n,address=127.0.0.1:56832
Begin MonoManager ReloadAssembly
Registering precompiled unity dll's ...
Register platform support module: C:/Program Files/Unity/Hub/Editor/2021.3.10f1/Editor/Data/PlaybackEngines/WindowsStandaloneSupport/UnityEditor.WindowsStandalone.Extensions.dll
Registered in 0.009720 seconds.
Native extension for WindowsStandalone target not found
Refreshing native plugins compatible for Editor in 108.81 ms, found 9 plugins.
Preloading 0 native plugins for Editor in 0.00 ms.
Mono: successfully reloaded assembly
- Completed reload, in  0.872 seconds
Domain Reload Profiling:
	ReloadAssembly (872ms)
		BeginReloadAssembly (100ms)
			ExecutionOrderSort (0ms)
			DisableScriptedObjects (0ms)
			BackupInstance (0ms)
			ReleaseScriptingObjects (0ms)
			CreateAndSetChildDomain (1ms)
		EndReloadAssembly (624ms)
			LoadAssemblies (95ms)
			RebuildTransferFunctionScriptingTraits (0ms)
			SetupTypeCache (132ms)
			ReleaseScriptCaches (0ms)
			RebuildScriptCaches (36ms)
			SetupLoadedEditorAssemblies (387ms)
				LogAssemblyErrors (0ms)
				InitializePlatformSupportModulesInManaged (11ms)
				SetLoadedEditorAssemblies (0ms)
				RefreshPlugins (109ms)
				BeforeProcessingInitializeOnLoad (1ms)
				ProcessInitializeOnLoadAttributes (208ms)
				ProcessInitializeOnLoadMethodAttributes (58ms)
				AfterProcessingInitializeOnLoad (0ms)
				EditorAssembliesLoaded (0ms)
			ExecutionOrderSort2 (0ms)
			AwakeInstancesAfterBackupRestoration (0ms)
Platform modules already initialized, skipping
Registering precompiled user dll's ...
Registered in 0.011536 seconds.
Begin MonoManager ReloadAssembly
Symbol file LoadedFromMemory doesn't match image C:\Users\Student\Documents\GitHub\Catnip\Library\PackageCache\com.unity.visualscripting@1.7.8\Editor\VisualScripting.Core\Dependencies\DotNetZip\Unity.VisualScripting.IonicZip.dll
Symbol file LoadedFromMemory doesn't match image C:\Users\Student\Documents\GitHub\Catnip\Library\PackageCache\com.unity.visualscripting@1.7.8\Editor\VisualScripting.Core\Dependencies\YamlDotNet\Unity.VisualScripting.YamlDotNet.dll
Native extension for WindowsStandalone target not found
Refreshing native plugins compatible for Editor in 105.06 ms, found 9 plugins.
Preloading 0 native plugins for Editor in 0.00 ms.
Package Manager log level set to [2]
Mono: successfully reloaded assembly
- Completed reload, in  1.992 seconds
Domain Reload Profiling:
	ReloadAssembly (1994ms)
		BeginReloadAssembly (276ms)
			ExecutionOrderSort (0ms)
			DisableScriptedObjects (10ms)
			BackupInstance (0ms)
			ReleaseScriptingObjects (0ms)
			CreateAndSetChildDomain (58ms)
		EndReloadAssembly (1577ms)
			LoadAssemblies (142ms)
			RebuildTransferFunctionScriptingTraits (0ms)
			SetupTypeCache (529ms)
			ReleaseScriptCaches (2ms)
			RebuildScriptCaches (75ms)
			SetupLoadedEditorAssemblies (695ms)
				LogAssemblyErrors (0ms)
				InitializePlatformSupportModulesInManaged (6ms)
				SetLoadedEditorAssemblies (0ms)
				RefreshPlugins (105ms)
				BeforeProcessingInitializeOnLoad (118ms)
				ProcessInitializeOnLoadAttributes (417ms)
				ProcessInitializeOnLoadMethodAttributes (37ms)
				AfterProcessingInitializeOnLoad (11ms)
				EditorAssembliesLoaded (0ms)
			ExecutionOrderSort2 (0ms)
			AwakeInstancesAfterBackupRestoration (9ms)
Platform modules already initialized, skipping
========================================================================
Worker process is ready to serve import requests
Launched and connected shader compiler UnityShaderCompiler.exe after 0.11 seconds
Refreshing native plugins compatible for Editor in 5.47 ms, found 9 plugins.
Preloading 0 native plugins for Editor in 0.00 ms.
Unloading 3927 Unused Serialized files (Serialized files now loaded: 0)
Unloading 46 unused Assets / (57.7 KB). Loaded Objects now: 4374.
Memory consumption went from 139.0 MB to 138.9 MB.
Total: 12.206700 ms (FindLiveObjects: 2.475600 ms CreateObjectMapping: 4.029900 ms MarkObjects: 5.547200 ms  DeleteObjects: 0.152600 ms)

AssetImportParameters requested are different than current active one (requested -> active):
  custom:video-decoder-ogg-theora: a1e56fd34408186e4bbccfd4996cb3dc -> 
  custom:container-muxer-webm: aa71ff27fc2769a1b78a27578f13a17b -> 
  custom:container-demuxer-webm: 4f35f7cbe854078d1ac9338744f61a02 -> 
  custom:video-encoder-webm-vp8: eb34c28f22e8b96e1ab97ce403110664 -> 
  custom:audio-encoder-webm-vorbis: bf7c407c2cedff20999df2af8eb42d56 -> 
  custom:framework-win-MediaFoundation: 216162199b28c13a410421893ffa2e32 -> 
  custom:container-demuxer-ogg: 62fdf1f143b41e24485cea50d1cbac27 -> 
  custom:video-decoder-webm-vp8: 9c59270c3fd7afecdb556c50c9e8de78 -> 
  custom:audio-decoder-ogg-vorbis: bf7c407c2cedff20999df2af8eb42d56 -> 
========================================================================
Received Prepare
Registering precompiled user dll's ...
Registered in 0.013869 seconds.
Begin MonoManager ReloadAssembly
Symbol file LoadedFromMemory doesn't match image C:\Users\Student\Documents\GitHub\Catnip\Library\PackageCache\com.unity.visualscripting@1.7.8\Editor\VisualScripting.Core\Dependencies\DotNetZip\Unity.VisualScripting.IonicZip.dll
Symbol file LoadedFromMemory doesn't match image C:\Users\Student\Documents\GitHub\Catnip\Library\PackageCache\com.unity.visualscripting@1.7.8\Editor\VisualScripting.Core\Dependencies\YamlDotNet\Unity.VisualScripting.YamlDotNet.dll
Native extension for WindowsStandalone target not found
Refreshing native plugins compatible for Editor in 0.96 ms, found 9 plugins.
Preloading 0 native plugins for Editor in 0.00 ms.
Mono: successfully reloaded assembly
- Completed reload, in  1.742 seconds
Domain Reload Profiling:
	ReloadAssembly (1743ms)
		BeginReloadAssembly (293ms)
			ExecutionOrderSort (0ms)
			DisableScriptedObjects (21ms)
			BackupInstance (0ms)
			ReleaseScriptingObjects (0ms)
			CreateAndSetChildDomain (95ms)
		EndReloadAssembly (1297ms)
			LoadAssemblies (180ms)
			RebuildTransferFunctionScriptingTraits (1ms)
			SetupTypeCache (386ms)
			ReleaseScriptCaches (2ms)
			RebuildScriptCaches (66ms)
			SetupLoadedEditorAssemblies (607ms)
				LogAssemblyErrors (0ms)
				InitializePlatformSupportModulesInManaged (17ms)
				SetLoadedEditorAssemblies (1ms)
				RefreshPlugins (1ms)
				BeforeProcessingInitializeOnLoad (90ms)
				ProcessInitializeOnLoadAttributes (445ms)
				ProcessInitializeOnLoadMethodAttributes (43ms)
				AfterProcessingInitializeOnLoad (10ms)
				EditorAssembliesLoaded (0ms)
			ExecutionOrderSort2 (0ms)
			AwakeInstancesAfterBackupRestoration (9ms)
Platform modules already initialized, skipping
Refreshing native plugins compatible for Editor in 6.27 ms, found 9 plugins.
Preloading 0 native plugins for Editor in 0.00 ms.
Unloading 3907 Unused Serialized files (Serialized files now loaded: 0)
Unloading 36 unused Assets / (25.7 KB). Loaded Objects now: 4378.
Memory consumption went from 138.2 MB to 138.2 MB.
Total: 9.279300 ms (FindLiveObjects: 0.332600 ms CreateObjectMapping: 0.260800 ms MarkObjects: 8.634600 ms  DeleteObjects: 0.049900 ms)

AssetImportParameters requested are different than current active one (requested -> active):
  custom:video-decoder-ogg-theora: a1e56fd34408186e4bbccfd4996cb3dc -> 
  custom:container-muxer-webm: aa71ff27fc2769a1b78a27578f13a17b -> 
  custom:container-demuxer-webm: 4f35f7cbe854078d1ac9338744f61a02 -> 
  custom:video-encoder-webm-vp8: eb34c28f22e8b96e1ab97ce403110664 -> 
  custom:audio-encoder-webm-vorbis: bf7c407c2cedff20999df2af8eb42d56 -> 
  custom:framework-win-MediaFoundation: 216162199b28c13a410421893ffa2e32 -> 
  custom:container-demuxer-ogg: 62fdf1f143b41e24485cea50d1cbac27 -> 
  custom:video-decoder-webm-vp8: 9c59270c3fd7afecdb556c50c9e8de78 -> 
  custom:audio-decoder-ogg-vorbis: bf7c407c2cedff20999df2af8eb42d56 -> 
========================================================================
Received Import Request.
  Time since last request: 5336.151843 seconds.
  path: Assets/Bed & Bath Furniture Pack/Materials/Textures/Bathtub_Bathtub_AlbedoTransparency.png
  artifactKey: Guid(ed2fc3213d1d19e4f80efef44bb68b6f) Importer(815301076,1909f56bfc062723c751e8b465ee728b)
Start importing Assets/Bed & Bath Furniture Pack/Materials/Textures/Bathtub_Bathtub_AlbedoTransparency.png using Guid(ed2fc3213d1d19e4f80efef44bb68b6f) Importer(815301076,1909f56bfc062723c751e8b465ee728b)  -> (artifact id: 'f36bd6e44b9670588ad8f3cd1fb9c047') in 0.341705 seconds 
========================================================================
Received Import Request.
  Time since last request: 0.000050 seconds.
  path: Assets/Bed & Bath Furniture Pack/Materials/Textures/Sink_initialShadingGroup_AlbedoTransparency.png
  artifactKey: Guid(2c34d01d488de174ab9656ab59aafa00) Importer(815301076,1909f56bfc062723c751e8b465ee728b)
Start importing Assets/Bed & Bath Furniture Pack/Materials/Textures/Sink_initialShadingGroup_AlbedoTransparency.png using Guid(2c34d01d488de174ab9656ab59aafa00) Importer(815301076,1909f56bfc062723c751e8b465ee728b)  -> (artifact id: '2fcb714ee8d5762bb8b20ff977407e1c') in 0.039882 seconds 
========================================================================
Received Import Request.
  Time since last request: 0.000062 seconds.
  path: Assets/Bed & Bath Furniture Pack/Materials/Textures/Nightstand_Drawers_AlbedoTransparency.png
  artifactKey: Guid(4fa0220e0289ba94da3ecbe63f5e1d8d) Importer(815301076,1909f56bfc062723c751e8b465ee728b)
Start importing Assets/Bed & Bath Furniture Pack/Materials/Textures/Nightstand_Drawers_AlbedoTransparency.png using Guid(4fa0220e0289ba94da3ecbe63f5e1d8d) Importer(815301076,1909f56bfc062723c751e8b465ee728b)  -> (artifact id: 'fa48af2dd02cf5169755e6c1afce68fc') in 0.041683 seconds 
========================================================================
Received Import Request.
  Time since last request: 0.000032 seconds.
  path: Assets/Bed & Bath Furniture Pack/Materials/Textures/Toilet_Toilet_AlbedoTransparency.png
  artifactKey: Guid(c3e6d633f2031b54ab1cfb032c2384e2) Importer(815301076,1909f56bfc062723c751e8b465ee728b)
Start importing Assets/Bed & Bath Furniture Pack/Materials/Textures/Toilet_Toilet_AlbedoTransparency.png using Guid(c3e6d633f2031b54ab1cfb032c2384e2) Importer(815301076,1909f56bfc062723c751e8b465ee728b)  -> (artifact id: '3ef48664c9e17fb40285ba648c72aae0') in 0.033383 seconds 
========================================================================
Received Import Request.
  Time since last request: 0.000040 seconds.
  path: Assets/Bed & Bath Furniture Pack/Materials/Textures/Dresser_Drawers_AlbedoTransparency.png
  artifactKey: Guid(be4a8dcdf6b5b6e43be7faa8ce32fc4d) Importer(815301076,1909f56bfc062723c751e8b465ee728b)
Start importing Assets/Bed & Bath Furniture Pack/Materials/Textures/Dresser_Drawers_AlbedoTransparency.png using Guid(be4a8dcdf6b5b6e43be7faa8ce32fc4d) Importer(815301076,1909f56bfc062723c751e8b465ee728b)  -> (artifact id: 'e7000f39167df25e02722b40882034f5') in 0.031191 seconds 
========================================================================
Received Import Request.
  Time since last request: 0.001783 seconds.
  path: Assets/Bed & Bath Furniture Pack/Materials/Textures/Sink_initialShadingGroup_Normal.png
  artifactKey: Guid(f1a44cd0d8b0451428b9be35ce0f6a5d) Importer(815301076,1909f56bfc062723c751e8b465ee728b)
Start importing Assets/Bed & Bath Furniture Pack/Materials/Textures/Sink_initialShadingGroup_Normal.png using Guid(f1a44cd0d8b0451428b9be35ce0f6a5d) Importer(815301076,1909f56bfc062723c751e8b465ee728b)  -> (artifact id: '49e86a6aa200b94eb35dd53780e8082e') in 0.105296 seconds 
========================================================================
Received Import Request.
  Time since last request: 0.000028 seconds.
  path: Assets/Bed & Bath Furniture Pack/Materials/Textures/Bathtub_Bathtub_Normal.png
  artifactKey: Guid(e11d23592393f8d4fae77d8c17290f61) Importer(815301076,1909f56bfc062723c751e8b465ee728b)
Start importing Assets/Bed & Bath Furniture Pack/Materials/Textures/Bathtub_Bathtub_Normal.png using Guid(e11d23592393f8d4fae77d8c17290f61) Importer(815301076,1909f56bfc062723c751e8b465ee728b)  -> (artifact id: 'c7314059c0d66b7a6bee699fa6951e3e') in 0.063268 seconds 
========================================================================
Received Import Request.
  Time since last request: 0.000051 seconds.
  path: Assets/Bed & Bath Furniture Pack/Materials/Textures/Nightstand_Drawers_Normal.png
  artifactKey: Guid(c6346b849ea30b541ab3d0d851d32e14) Importer(815301076,1909f56bfc062723c751e8b465ee728b)
Start importing Assets/Bed & Bath Furniture Pack/Materials/Textures/Nightstand_Drawers_Normal.png using Guid(c6346b849ea30b541ab3d0d851d32e14) Importer(815301076,1909f56bfc062723c751e8b465ee728b)  -> (artifact id: 'b763e24eb9dd75b4c7439ace6a7a2ee3') in 0.068895 seconds 
========================================================================
Received Import Request.
  Time since last request: 0.002201 seconds.
  path: Assets/Bed & Bath Furniture Pack/Materials/Textures/Sink_initialShadingGroup_MetallicSmoothness.png
  artifactKey: Guid(3489913ad9f90e94daa676e7c890f02f) Importer(815301076,1909f56bfc062723c751e8b465ee728b)
Start importing Assets/Bed & Bath Furniture Pack/Materials/Textures/Sink_initialShadingGroup_MetallicSmoothness.png using Guid(3489913ad9f90e94daa676e7c890f02f) Importer(815301076,1909f56bfc062723c751e8b465ee728b)  -> (artifact id: '134ba9d73ae9804d11e615a864b03b39') in 0.034922 seconds 
========================================================================
Received Import Request.
  Time since last request: 0.000027 seconds.
  path: Assets/Bed & Bath Furniture Pack/Materials/Textures/Dresser_Drawers_Normal.png
  artifactKey: Guid(bd96266fd0b3bea4ca201117959166d4) Importer(815301076,1909f56bfc062723c751e8b465ee728b)
Start importing Assets/Bed & Bath Furniture Pack/Materials/Textures/Dresser_Drawers_Normal.png using Guid(bd96266fd0b3bea4ca201117959166d4) Importer(815301076,1909f56bfc062723c751e8b465ee728b)  -> (artifact id: 'd1ed788ec235a99113d67ffabb760ba4') in 0.041576 seconds 
========================================================================
Received Import Request.
  Time since last request: 0.000035 seconds.
  path: Assets/Bed & Bath Furniture Pack/Materials/Textures/Nightstand_Dresser_Normal.png
  artifactKey: Guid(b622f473c16ba2143a3cca9f573c0e13) Importer(815301076,1909f56bfc062723c751e8b465ee728b)
Start importing Assets/Bed & Bath Furniture Pack/Materials/Textures/Nightstand_Dresser_Normal.png using Guid(b622f473c16ba2143a3cca9f573c0e13) Importer(815301076,1909f56bfc062723c751e8b465ee728b)  -> (artifact id: '4d4c6bb10d3bea99c2eaea8de1c05ab0') in 0.043230 seconds 
========================================================================
Received Import Request.
  Time since last request: 0.000049 seconds.
  path: Assets/Bed & Bath Furniture Pack/Materials/Textures/Lamp_Lamp_MetallicSmoothness.png
  artifactKey: Guid(0381daceb64804a4b8bb7116804f3db0) Importer(815301076,1909f56bfc062723c751e8b465ee728b)
Start importing Assets/Bed & Bath Furniture Pack/Materials/Textures/Lamp_Lamp_MetallicSmoothness.png using Guid(0381daceb64804a4b8bb7116804f3db0) Importer(815301076,1909f56bfc062723c751e8b465ee728b)  -> (artifact id: '4f80d98d15e717896644a94a3194c169') in 0.049224 seconds 
========================================================================
Received Import Request.
  Time since last request: 0.000057 seconds.
  path: Assets/Bed & Bath Furniture Pack/Materials/Textures/Bed_Bed_Normal.png
  artifactKey: Guid(268db609cd23afa4ba15897bb5359026) Importer(815301076,1909f56bfc062723c751e8b465ee728b)
Start importing Assets/Bed & Bath Furniture Pack/Materials/Textures/Bed_Bed_Normal.png using Guid(268db609cd23afa4ba15897bb5359026) Importer(815301076,1909f56bfc062723c751e8b465ee728b)  -> (artifact id: '4c0cd475e7ffbe49e35c60f597b4e33c') in 0.045192 seconds 
========================================================================
Received Import Request.
  Time since last request: 0.000051 seconds.
  path: Assets/Bed & Bath Furniture Pack/Materials/Textures/Nightstand_Dresser_MetallicSmoothness.png
  artifactKey: Guid(e1b86614f02a4c94b8a296aaffc49574) Importer(815301076,1909f56bfc062723c751e8b465ee728b)
Start importing Assets/Bed & Bath Furniture Pack/Materials/Textures/Nightstand_Dresser_MetallicSmoothness.png using Guid(e1b86614f02a4c94b8a296aaffc49574) Importer(815301076,1909f56bfc062723c751e8b465ee728b)  -> (artifact id: 'dd1369318d098681f7dea702e09cccf8') in 0.052679 seconds 
========================================================================
Received Import Request.
  Time since last request: 0.000056 seconds.
  path: Assets/Bed & Bath Furniture Pack/Materials/Textures/Toilet_Toilet_MetallicSmoothness.png
  artifactKey: Guid(d53fa5d0926f1b747b0e485fffc95565) Importer(815301076,1909f56bfc062723c751e8b465ee728b)
Start importing Assets/Bed & Bath Furniture Pack/Materials/Textures/Toilet_Toilet_MetallicSmoothness.png using Guid(d53fa5d0926f1b747b0e485fffc95565) Importer(815301076,1909f56bfc062723c751e8b465ee728b)  -> (artifact id: 'd607f2ebc9310b549ac14a288a98a4a0') in 0.068167 seconds 
========================================================================
Received Import Request.
  Time since last request: 0.000027 seconds.
  path: Assets/Bed & Bath Furniture Pack/Materials/Textures/Dresser_Dresser_Normal.png
  artifactKey: Guid(ee7c97a4697dd3a41ab45e2bbc8f29a9) Importer(815301076,1909f56bfc062723c751e8b465ee728b)
Start importing Assets/Bed & Bath Furniture Pack/Materials/Textures/Dresser_Dresser_Normal.png using Guid(ee7c97a4697dd3a41ab45e2bbc8f29a9) Importer(815301076,1909f56bfc062723c751e8b465ee728b)  -> (artifact id: 'f8d47246a443a3afab608ea17f82cd42') in 0.065994 seconds 
========================================================================
Received Import Request.
  Time since last request: 0.000066 seconds.
  path: Assets/Bed & Bath Furniture Pack/Materials/Textures/Footstool_Footstool_AlbedoTransparency.png
  artifactKey: Guid(27980587a73077f4991f791ce4d3935d) Importer(815301076,1909f56bfc062723c751e8b465ee728b)
Start importing Assets/Bed & Bath Furniture Pack/Materials/Textures/Footstool_Footstool_AlbedoTransparency.png using Guid(27980587a73077f4991f791ce4d3935d) Importer(815301076,1909f56bfc062723c751e8b465ee728b)  -> (artifact id: '2e4815384fb785111adc158acdbff1db') in 0.046884 seconds 
========================================================================
Received Import Request.
  Time since last request: 0.000034 seconds.
  path: Assets/Bed & Bath Furniture Pack/Materials/Textures/Lamp_Lamp_Emission.png
  artifactKey: Guid(e94d1ae9755a6bf4598835f2899957ef) Importer(815301076,1909f56bfc062723c751e8b465ee728b)
Start importing Assets/Bed & Bath Furniture Pack/Materials/Textures/Lamp_Lamp_Emission.png using Guid(e94d1ae9755a6bf4598835f2899957ef) Importer(815301076,1909f56bfc062723c751e8b465ee728b)  -> (artifact id: '9dcf282d97833e34c9b3d9c632cd57f9') in 0.042225 seconds 
Editor requested this worker to shutdown with reason: Scaling down because of idle timeout
AssetImportWorker is now disconnected from the server
Process exiting
Exiting without the bug reporter. Application will terminate with return code 0