Using pre-set license
Built from '2021.3/staging' branch; Version is '2021.3.10f1 (1c7d0df0160b) revision 1867021'; Using compiler version '192829333'; Build Type 'Release'
OS: 'Windows 10  (10.0.19044) 64bit Core' Language: 'de' Physical Memory: 16330 MB
BatchMode: 1, IsHumanControllingUs: 0, StartBugReporterOnCrash: 0, Is64bit: 1, IsPro: 1

COMMAND LINE ARGUMENTS:
C:\Program Files\Unity\Hub\Editor\2021.3.10f1\Editor\Unity.exe
-adb2
-batchMode
-noUpm
-name
AssetImportWorker0
-projectPath
C:/Users/Student/Documents/GitHub/Catnip
-logFile
Logs/AssetImportWorker0.log
-srvPort
62234
Successfully changed project path to: C:/Users/Student/Documents/GitHub/Catnip
C:/Users/Student/Documents/GitHub/Catnip
[UnityMemory] Configuration Parameters - Can be set up in boot.config
    "memorysetup-bucket-allocator-granularity=16"
    "memorysetup-bucket-allocator-bucket-count=8"
    "memorysetup-bucket-allocator-block-size=33554432"
    "memorysetup-bucket-allocator-block-count=8"
    "memorysetup-main-allocator-block-size=16777216"
    "memorysetup-thread-allocator-block-size=16777216"
    "memorysetup-gfx-main-allocator-block-size=16777216"
    "memorysetup-gfx-thread-allocator-block-size=16777216"
    "memorysetup-cache-allocator-block-size=4194304"
    "memorysetup-typetree-allocator-block-size=2097152"
    "memorysetup-profiler-bucket-allocator-granularity=16"
    "memorysetup-profiler-bucket-allocator-bucket-count=8"
    "memorysetup-profiler-bucket-allocator-block-size=33554432"
    "memorysetup-profiler-bucket-allocator-block-count=8"
    "memorysetup-profiler-allocator-block-size=16777216"
    "memorysetup-profiler-editor-allocator-block-size=1048576"
    "memorysetup-temp-allocator-size-main=16777216"
    "memorysetup-job-temp-allocator-block-size=2097152"
    "memorysetup-job-temp-allocator-block-size-background=1048576"
    "memorysetup-job-temp-allocator-reduction-small-platforms=262144"
    "memorysetup-temp-allocator-size-background-worker=32768"
    "memorysetup-temp-allocator-size-job-worker=262144"
    "memorysetup-temp-allocator-size-preload-manager=33554432"
    "memorysetup-temp-allocator-size-nav-mesh-worker=65536"
    "memorysetup-temp-allocator-size-audio-worker=65536"
    "memorysetup-temp-allocator-size-cloud-worker=32768"
    "memorysetup-temp-allocator-size-gi-baking-worker=262144"
    "memorysetup-temp-allocator-size-gfx=262144"
Refreshing native plugins compatible for Editor in 115.97 ms, found 9 plugins.
Preloading 0 native plugins for Editor in 0.00 ms.
Initialize engine version: 2021.3.10f1 (1c7d0df0160b)
[Subsystems] Discovering subsystems at path C:/Program Files/Unity/Hub/Editor/2021.3.10f1/Editor/Data/Resources/UnitySubsystems
[Subsystems] Discovering subsystems at path C:/Users/Student/Documents/GitHub/Catnip/Assets
GfxDevice: creating device client; threaded=0; jobified=0
Direct3D:
    Version:  Direct3D 11.0 [level 11.1]
    Renderer: NVIDIA GeForce GTX 1080 (ID=0x1be0)
    Vendor:   NVIDIA
    VRAM:     8079 MB
    Driver:   27.21.14.5720
Initialize mono
Mono path[0] = 'C:/Program Files/Unity/Hub/Editor/2021.3.10f1/Editor/Data/Managed'
Mono path[1] = 'C:/Program Files/Unity/Hub/Editor/2021.3.10f1/Editor/Data/MonoBleedingEdge/lib/mono/unityjit-win32'
Mono config path = 'C:/Program Files/Unity/Hub/Editor/2021.3.10f1/Editor/Data/MonoBleedingEdge/etc'
Using monoOptions --debugger-agent=transport=dt_socket,embedding=1,server=y,suspend=n,address=127.0.0.1:56184
Begin MonoManager ReloadAssembly
Registering precompiled unity dll's ...
Register platform support module: C:/Program Files/Unity/Hub/Editor/2021.3.10f1/Editor/Data/PlaybackEngines/WindowsStandaloneSupport/UnityEditor.WindowsStandalone.Extensions.dll
Registered in 0.009103 seconds.
Native extension for WindowsStandalone target not found
Refreshing native plugins compatible for Editor in 113.69 ms, found 9 plugins.
Preloading 0 native plugins for Editor in 0.00 ms.
Mono: successfully reloaded assembly
- Completed reload, in  0.774 seconds
Domain Reload Profiling:
	ReloadAssembly (775ms)
		BeginReloadAssembly (93ms)
			ExecutionOrderSort (0ms)
			DisableScriptedObjects (0ms)
			BackupInstance (0ms)
			ReleaseScriptingObjects (0ms)
			CreateAndSetChildDomain (2ms)
		EndReloadAssembly (556ms)
			LoadAssemblies (88ms)
			RebuildTransferFunctionScriptingTraits (0ms)
			SetupTypeCache (115ms)
			ReleaseScriptCaches (0ms)
			RebuildScriptCaches (35ms)
			SetupLoadedEditorAssemblies (347ms)
				LogAssemblyErrors (0ms)
				InitializePlatformSupportModulesInManaged (8ms)
				SetLoadedEditorAssemblies (0ms)
				RefreshPlugins (114ms)
				BeforeProcessingInitializeOnLoad (2ms)
				ProcessInitializeOnLoadAttributes (167ms)
				ProcessInitializeOnLoadMethodAttributes (55ms)
				AfterProcessingInitializeOnLoad (0ms)
				EditorAssembliesLoaded (0ms)
			ExecutionOrderSort2 (0ms)
			AwakeInstancesAfterBackupRestoration (0ms)
Platform modules already initialized, skipping
Registering precompiled user dll's ...
Registered in 0.019959 seconds.
Begin MonoManager ReloadAssembly
Symbol file LoadedFromMemory doesn't match image C:\Users\Student\Documents\GitHub\Catnip\Library\PackageCache\com.unity.visualscripting@1.7.8\Editor\VisualScripting.Core\Dependencies\DotNetZip\Unity.VisualScripting.IonicZip.dll
Symbol file LoadedFromMemory doesn't match image C:\Users\Student\Documents\GitHub\Catnip\Library\PackageCache\com.unity.visualscripting@1.7.8\Editor\VisualScripting.Core\Dependencies\YamlDotNet\Unity.VisualScripting.YamlDotNet.dll
Native extension for WindowsStandalone target not found
Refreshing native plugins compatible for Editor in 107.53 ms, found 9 plugins.
Preloading 0 native plugins for Editor in 0.00 ms.
Package Manager log level set to [2]
Mono: successfully reloaded assembly
- Completed reload, in  1.466 seconds
Domain Reload Profiling:
	ReloadAssembly (1467ms)
		BeginReloadAssembly (145ms)
			ExecutionOrderSort (0ms)
			DisableScriptedObjects (8ms)
			BackupInstance (0ms)
			ReleaseScriptingObjects (0ms)
			CreateAndSetChildDomain (27ms)
		EndReloadAssembly (1188ms)
			LoadAssemblies (124ms)
			RebuildTransferFunctionScriptingTraits (0ms)
			SetupTypeCache (312ms)
			ReleaseScriptCaches (1ms)
			RebuildScriptCaches (63ms)
			SetupLoadedEditorAssemblies (644ms)
				LogAssemblyErrors (0ms)
				InitializePlatformSupportModulesInManaged (6ms)
				SetLoadedEditorAssemblies (0ms)
				RefreshPlugins (108ms)
				BeforeProcessingInitializeOnLoad (115ms)
				ProcessInitializeOnLoadAttributes (368ms)
				ProcessInitializeOnLoadMethodAttributes (35ms)
				AfterProcessingInitializeOnLoad (11ms)
				EditorAssembliesLoaded (0ms)
			ExecutionOrderSort2 (0ms)
			AwakeInstancesAfterBackupRestoration (7ms)
Platform modules already initialized, skipping
========================================================================
Worker process is ready to serve import requests
Launched and connected shader compiler UnityShaderCompiler.exe after 0.06 seconds
Refreshing native plugins compatible for Editor in 1.82 ms, found 9 plugins.
Preloading 0 native plugins for Editor in 0.00 ms.
Unloading 3927 Unused Serialized files (Serialized files now loaded: 0)
Unloading 46 unused Assets / (57.5 KB). Loaded Objects now: 4391.
Memory consumption went from 152.4 MB to 152.3 MB.
Total: 3.439200 ms (FindLiveObjects: 0.402600 ms CreateObjectMapping: 0.262200 ms MarkObjects: 2.669600 ms  DeleteObjects: 0.103500 ms)

AssetImportParameters requested are different than current active one (requested -> active):
  custom:video-decoder-ogg-theora: a1e56fd34408186e4bbccfd4996cb3dc -> 
  custom:container-muxer-webm: aa71ff27fc2769a1b78a27578f13a17b -> 
  custom:container-demuxer-webm: 4f35f7cbe854078d1ac9338744f61a02 -> 
  custom:video-encoder-webm-vp8: eb34c28f22e8b96e1ab97ce403110664 -> 
  custom:audio-encoder-webm-vorbis: bf7c407c2cedff20999df2af8eb42d56 -> 
  custom:framework-win-MediaFoundation: 216162199b28c13a410421893ffa2e32 -> 
  custom:container-demuxer-ogg: 62fdf1f143b41e24485cea50d1cbac27 -> 
  custom:video-decoder-webm-vp8: 9c59270c3fd7afecdb556c50c9e8de78 -> 
  custom:audio-decoder-ogg-vorbis: bf7c407c2cedff20999df2af8eb42d56 -> 
========================================================================
Received Import Request.
  Time since last request: 7057.834136 seconds.
  path: Assets/dark ages furn/FBX/table.001.fbx
  artifactKey: Guid(5eb22b4477e6d7f43aea3d12e5d95a04) Importer(815301076,1909f56bfc062723c751e8b465ee728b)
Start importing Assets/dark ages furn/FBX/table.001.fbx using Guid(5eb22b4477e6d7f43aea3d12e5d95a04) Importer(815301076,1909f56bfc062723c751e8b465ee728b)  -> (artifact id: 'c1c574b60ebe3d6605dd9d2fed2ab13e') in 0.282184 seconds 
========================================================================
Received Import Request.
  Time since last request: 67.671200 seconds.
  path: Assets/dark ages furn/FBX/barrel.fbx
  artifactKey: Guid(d437836ada3a1f2448feae23e0ee24fd) Importer(815301076,1909f56bfc062723c751e8b465ee728b)
Start importing Assets/dark ages furn/FBX/barrel.fbx using Guid(d437836ada3a1f2448feae23e0ee24fd) Importer(815301076,1909f56bfc062723c751e8b465ee728b)  -> (artifact id: 'cb847343522af8949b6011d2f37d274c') in 0.179734 seconds 
========================================================================
Received Import Request.
  Time since last request: 0.000058 seconds.
  path: Assets/dark ages furn/FBX/barrel.004.fbx
  artifactKey: Guid(eb02bd6cfb672104aac4fd3cab030b0f) Importer(815301076,1909f56bfc062723c751e8b465ee728b)
Start importing Assets/dark ages furn/FBX/barrel.004.fbx using Guid(eb02bd6cfb672104aac4fd3cab030b0f) Importer(815301076,1909f56bfc062723c751e8b465ee728b)  -> (artifact id: '45bd9b851750479ff2acaa8805fe2434') in 0.054623 seconds 
========================================================================
Received Import Request.
  Time since last request: 0.000045 seconds.
  path: Assets/dark ages furn/Prefabs/hexenkessel/Barrels/barrel.004.prefab
  artifactKey: Guid(2a5dff5f76f112b41a5721a16df1160e) Importer(815301076,1909f56bfc062723c751e8b465ee728b)
Start importing Assets/dark ages furn/Prefabs/hexenkessel/Barrels/barrel.004.prefab using Guid(2a5dff5f76f112b41a5721a16df1160e) Importer(815301076,1909f56bfc062723c751e8b465ee728b)  -> (artifact id: '90e6db0d846d52a2b4612cf28bc12743') in 0.034212 seconds 
========================================================================
Received Import Request.
  Time since last request: 0.000051 seconds.
  path: Assets/dark ages furn/FBX/spice_bag.fbx
  artifactKey: Guid(fe3199330e5c5514bbb23aa44c07ed2f) Importer(815301076,1909f56bfc062723c751e8b465ee728b)
Start importing Assets/dark ages furn/FBX/spice_bag.fbx using Guid(fe3199330e5c5514bbb23aa44c07ed2f) Importer(815301076,1909f56bfc062723c751e8b465ee728b)  -> (artifact id: '085a34f8e35801017e8419fe6945c019') in 0.040851 seconds 
========================================================================
Received Import Request.
  Time since last request: 0.000025 seconds.
  path: Assets/dark ages furn/Textures/fabric_bag_1_s.png
  artifactKey: Guid(f81c7eef0d1f8e14ca8b28e759738cb3) Importer(815301076,1909f56bfc062723c751e8b465ee728b)
Start importing Assets/dark ages furn/Textures/fabric_bag_1_s.png using Guid(f81c7eef0d1f8e14ca8b28e759738cb3) Importer(815301076,1909f56bfc062723c751e8b465ee728b)  -> (artifact id: '79bd1c54e45060460bf0b9426bb8c3ec') in 0.039026 seconds 
========================================================================
Received Import Request.
  Time since last request: 0.000043 seconds.
  path: Assets/dark ages furn/Textures/fabric_bag_2_s.png
  artifactKey: Guid(1a8220d76d4067549a2bd9238efe7eae) Importer(815301076,1909f56bfc062723c751e8b465ee728b)
Start importing Assets/dark ages furn/Textures/fabric_bag_2_s.png using Guid(1a8220d76d4067549a2bd9238efe7eae) Importer(815301076,1909f56bfc062723c751e8b465ee728b)  -> (artifact id: '89e43721023a8618886d8f9f075a8ec0') in 0.018466 seconds 
========================================================================
Received Import Request.
  Time since last request: 0.000046 seconds.
  path: Assets/dark ages furn/Prefabs/hexenkessel/Barrels/barrel.003.prefab
  artifactKey: Guid(80b32209e0ffa914c85ed75cc2751bd6) Importer(815301076,1909f56bfc062723c751e8b465ee728b)
Start importing Assets/dark ages furn/Prefabs/hexenkessel/Barrels/barrel.003.prefab using Guid(80b32209e0ffa914c85ed75cc2751bd6) Importer(815301076,1909f56bfc062723c751e8b465ee728b)  -> (artifact id: '9dfbc66c50fde688725188d43a9e7b5e') in 0.032076 seconds 
========================================================================
Received Import Request.
  Time since last request: 0.000047 seconds.
  path: Assets/dark ages furn/Textures/fabric_bag_1_d.png
  artifactKey: Guid(da420663885e2d946a069fd6b6c6a40a) Importer(815301076,1909f56bfc062723c751e8b465ee728b)
Start importing Assets/dark ages furn/Textures/fabric_bag_1_d.png using Guid(da420663885e2d946a069fd6b6c6a40a) Importer(815301076,1909f56bfc062723c751e8b465ee728b)  -> (artifact id: '66d5eb7c73883ee3af008ca3ef1b673f') in 0.022496 seconds 
========================================================================
Received Import Request.
  Time since last request: 0.000324 seconds.
  path: Assets/dark ages furn/Textures/fabric_bag_2_o.png
  artifactKey: Guid(ef518a5968b92f34781f6a19feaa035c) Importer(815301076,1909f56bfc062723c751e8b465ee728b)
Start importing Assets/dark ages furn/Textures/fabric_bag_2_o.png using Guid(ef518a5968b92f34781f6a19feaa035c) Importer(815301076,1909f56bfc062723c751e8b465ee728b)  -> (artifact id: '388bedf2deedfbe1ab09eb18c6f304be') in 0.023610 seconds 
========================================================================
Received Import Request.
  Time since last request: 0.000041 seconds.
  path: Assets/Suburban Structure Kit/Models/BaseboardColonial.fbx
  artifactKey: Guid(ed82145e84d27fd4ea33213fbf8e1980) Importer(815301076,1909f56bfc062723c751e8b465ee728b)
Start importing Assets/Suburban Structure Kit/Models/BaseboardColonial.fbx using Guid(ed82145e84d27fd4ea33213fbf8e1980) Importer(815301076,1909f56bfc062723c751e8b465ee728b)  -> (artifact id: 'c1cfca401a423093873f045db4abb4bf') in 0.081368 seconds 
========================================================================
Received Import Request.
  Time since last request: 0.000037 seconds.
  path: Assets/dark ages furn/Prefabs/hexenkessel/Barrels/barrel.005.prefab
  artifactKey: Guid(11c91c53c305a0342a7e3f46d1a15670) Importer(815301076,1909f56bfc062723c751e8b465ee728b)
Start importing Assets/dark ages furn/Prefabs/hexenkessel/Barrels/barrel.005.prefab using Guid(11c91c53c305a0342a7e3f46d1a15670) Importer(815301076,1909f56bfc062723c751e8b465ee728b)  -> (artifact id: '5857f795002064418b1feb7f7b15db41') in 0.041782 seconds 
========================================================================
Received Import Request.
  Time since last request: 0.000102 seconds.
  path: Assets/Suburban Structure Kit/Models/Baseblock.fbx
  artifactKey: Guid(0db0e574662556d4780fb87e48f746ba) Importer(815301076,1909f56bfc062723c751e8b465ee728b)
Start importing Assets/Suburban Structure Kit/Models/Baseblock.fbx using Guid(0db0e574662556d4780fb87e48f746ba) Importer(815301076,1909f56bfc062723c751e8b465ee728b)  -> (artifact id: 'b5ee3db04f3bc1194d1b330180b065f0') in 0.062433 seconds 
========================================================================
Received Import Request.
  Time since last request: 0.000369 seconds.
  path: Assets/dark ages furn/Textures/fabric_bag_2_n.png
  artifactKey: Guid(de74305004299d944ba827a077a8a6b0) Importer(815301076,1909f56bfc062723c751e8b465ee728b)
Start importing Assets/dark ages furn/Textures/fabric_bag_2_n.png using Guid(de74305004299d944ba827a077a8a6b0) Importer(815301076,1909f56bfc062723c751e8b465ee728b)  -> (artifact id: 'c8b9d3ae24266ed56188e40fd5783d6c') in 0.027246 seconds 
========================================================================
Received Import Request.
  Time since last request: 0.000047 seconds.
  path: Assets/Suburban Structure Kit/Prefabs/FullPrefabs/SuburbanHouseVer2.prefab
  artifactKey: Guid(fe44196c5e4e1444db4df3069ca7c43e) Importer(815301076,1909f56bfc062723c751e8b465ee728b)
Start importing Assets/Suburban Structure Kit/Prefabs/FullPrefabs/SuburbanHouseVer2.prefab using Guid(fe44196c5e4e1444db4df3069ca7c43e) Importer(815301076,1909f56bfc062723c751e8b465ee728b)  -> (artifact id: 'c7936af9bed681a797158767efdc1dec') in 0.405335 seconds 
========================================================================
Received Import Request.
  Time since last request: 0.000054 seconds.
  path: Assets/dark ages furn/FBX/basket.fbx
  artifactKey: Guid(c9f241be888139c4fb58d36439c0fba0) Importer(815301076,1909f56bfc062723c751e8b465ee728b)
Start importing Assets/dark ages furn/FBX/basket.fbx using Guid(c9f241be888139c4fb58d36439c0fba0) Importer(815301076,1909f56bfc062723c751e8b465ee728b)  -> (artifact id: '8d2d8c2384e713fc86a38027a2ae164d') in 0.040739 seconds 
Editor requested this worker to shutdown with reason: Scaling down because of idle timeout
AssetImportWorker is now disconnected from the server
Process exiting
Exiting without the bug reporter. Application will terminate with return code 0