Using pre-set license
Built from '2021.3/staging' branch; Version is '2021.3.10f1 (1c7d0df0160b) revision 1867021'; Using compiler version '192829333'; Build Type 'Release'
OS: 'Windows 10  (10.0.19044) 64bit Core' Language: 'de' Physical Memory: 16330 MB
BatchMode: 1, IsHumanControllingUs: 0, StartBugReporterOnCrash: 0, Is64bit: 1, IsPro: 1

COMMAND LINE ARGUMENTS:
C:\Program Files\Unity\Hub\Editor\2021.3.10f1\Editor\Unity.exe
-adb2
-batchMode
-noUpm
-name
AssetImportWorker5
-projectPath
C:/Users/Student/Documents/GitHub/Catnip
-logFile
Logs/AssetImportWorker5.log
-srvPort
56105
Successfully changed project path to: C:/Users/Student/Documents/GitHub/Catnip
C:/Users/Student/Documents/GitHub/Catnip
[UnityMemory] Configuration Parameters - Can be set up in boot.config
    "memorysetup-bucket-allocator-granularity=16"
    "memorysetup-bucket-allocator-bucket-count=8"
    "memorysetup-bucket-allocator-block-size=33554432"
    "memorysetup-bucket-allocator-block-count=8"
    "memorysetup-main-allocator-block-size=16777216"
    "memorysetup-thread-allocator-block-size=16777216"
    "memorysetup-gfx-main-allocator-block-size=16777216"
    "memorysetup-gfx-thread-allocator-block-size=16777216"
    "memorysetup-cache-allocator-block-size=4194304"
    "memorysetup-typetree-allocator-block-size=2097152"
    "memorysetup-profiler-bucket-allocator-granularity=16"
    "memorysetup-profiler-bucket-allocator-bucket-count=8"
    "memorysetup-profiler-bucket-allocator-block-size=33554432"
    "memorysetup-profiler-bucket-allocator-block-count=8"
    "memorysetup-profiler-allocator-block-size=16777216"
    "memorysetup-profiler-editor-allocator-block-size=1048576"
    "memorysetup-temp-allocator-size-main=16777216"
    "memorysetup-job-temp-allocator-block-size=2097152"
    "memorysetup-job-temp-allocator-block-size-background=1048576"
    "memorysetup-job-temp-allocator-reduction-small-platforms=262144"
    "memorysetup-temp-allocator-size-background-worker=32768"
    "memorysetup-temp-allocator-size-job-worker=262144"
    "memorysetup-temp-allocator-size-preload-manager=33554432"
    "memorysetup-temp-allocator-size-nav-mesh-worker=65536"
    "memorysetup-temp-allocator-size-audio-worker=65536"
    "memorysetup-temp-allocator-size-cloud-worker=32768"
    "memorysetup-temp-allocator-size-gi-baking-worker=262144"
    "memorysetup-temp-allocator-size-gfx=262144"
Refreshing native plugins compatible for Editor in 360.51 ms, found 9 plugins.
Preloading 0 native plugins for Editor in 0.00 ms.
Initialize engine version: 2021.3.10f1 (1c7d0df0160b)
[Subsystems] Discovering subsystems at path C:/Program Files/Unity/Hub/Editor/2021.3.10f1/Editor/Data/Resources/UnitySubsystems
[Subsystems] Discovering subsystems at path C:/Users/Student/Documents/GitHub/Catnip/Assets
GfxDevice: creating device client; threaded=0; jobified=0
Direct3D:
    Version:  Direct3D 11.0 [level 11.1]
    Renderer: NVIDIA GeForce GTX 1080 (ID=0x1be0)
    Vendor:   NVIDIA
    VRAM:     8079 MB
    Driver:   27.21.14.5720
Initialize mono
Mono path[0] = 'C:/Program Files/Unity/Hub/Editor/2021.3.10f1/Editor/Data/Managed'
Mono path[1] = 'C:/Program Files/Unity/Hub/Editor/2021.3.10f1/Editor/Data/MonoBleedingEdge/lib/mono/unityjit-win32'
Mono config path = 'C:/Program Files/Unity/Hub/Editor/2021.3.10f1/Editor/Data/MonoBleedingEdge/etc'
Using monoOptions --debugger-agent=transport=dt_socket,embedding=1,server=y,suspend=n,address=127.0.0.1:56108
Begin MonoManager ReloadAssembly
Registering precompiled unity dll's ...
Register platform support module: C:/Program Files/Unity/Hub/Editor/2021.3.10f1/Editor/Data/PlaybackEngines/WindowsStandaloneSupport/UnityEditor.WindowsStandalone.Extensions.dll
Registered in 0.011081 seconds.
Native extension for WindowsStandalone target not found
Refreshing native plugins compatible for Editor in 128.04 ms, found 9 plugins.
Preloading 0 native plugins for Editor in 0.00 ms.
Mono: successfully reloaded assembly
- Completed reload, in  1.322 seconds
Domain Reload Profiling:
	ReloadAssembly (1323ms)
		BeginReloadAssembly (249ms)
			ExecutionOrderSort (0ms)
			DisableScriptedObjects (0ms)
			BackupInstance (0ms)
			ReleaseScriptingObjects (0ms)
			CreateAndSetChildDomain (16ms)
		EndReloadAssembly (881ms)
			LoadAssemblies (226ms)
			RebuildTransferFunctionScriptingTraits (0ms)
			SetupTypeCache (177ms)
			ReleaseScriptCaches (0ms)
			RebuildScriptCaches (67ms)
			SetupLoadedEditorAssemblies (528ms)
				LogAssemblyErrors (0ms)
				InitializePlatformSupportModulesInManaged (11ms)
				SetLoadedEditorAssemblies (0ms)
				RefreshPlugins (128ms)
				BeforeProcessingInitializeOnLoad (3ms)
				ProcessInitializeOnLoadAttributes (302ms)
				ProcessInitializeOnLoadMethodAttributes (83ms)
				AfterProcessingInitializeOnLoad (0ms)
				EditorAssembliesLoaded (0ms)
			ExecutionOrderSort2 (0ms)
			AwakeInstancesAfterBackupRestoration (0ms)
Platform modules already initialized, skipping
Registering precompiled user dll's ...
Registered in 0.013434 seconds.
Begin MonoManager ReloadAssembly
Symbol file LoadedFromMemory doesn't match image C:\Users\Student\Documents\GitHub\Catnip\Library\PackageCache\com.unity.visualscripting@1.7.8\Editor\VisualScripting.Core\Dependencies\DotNetZip\Unity.VisualScripting.IonicZip.dll
Symbol file LoadedFromMemory doesn't match image C:\Users\Student\Documents\GitHub\Catnip\Library\PackageCache\com.unity.visualscripting@1.7.8\Editor\VisualScripting.Core\Dependencies\YamlDotNet\Unity.VisualScripting.YamlDotNet.dll
Native extension for WindowsStandalone target not found
Refreshing native plugins compatible for Editor in 105.58 ms, found 9 plugins.
Preloading 0 native plugins for Editor in 0.00 ms.
Package Manager log level set to [2]
Mono: successfully reloaded assembly
- Completed reload, in  1.602 seconds
Domain Reload Profiling:
	ReloadAssembly (1603ms)
		BeginReloadAssembly (150ms)
			ExecutionOrderSort (0ms)
			DisableScriptedObjects (7ms)
			BackupInstance (0ms)
			ReleaseScriptingObjects (0ms)
			CreateAndSetChildDomain (27ms)
		EndReloadAssembly (1307ms)
			LoadAssemblies (125ms)
			RebuildTransferFunctionScriptingTraits (0ms)
			SetupTypeCache (381ms)
			ReleaseScriptCaches (1ms)
			RebuildScriptCaches (69ms)
			SetupLoadedEditorAssemblies (682ms)
				LogAssemblyErrors (0ms)
				InitializePlatformSupportModulesInManaged (6ms)
				SetLoadedEditorAssemblies (0ms)
				RefreshPlugins (106ms)
				BeforeProcessingInitializeOnLoad (119ms)
				ProcessInitializeOnLoadAttributes (407ms)
				ProcessInitializeOnLoadMethodAttributes (35ms)
				AfterProcessingInitializeOnLoad (9ms)
				EditorAssembliesLoaded (0ms)
			ExecutionOrderSort2 (0ms)
			AwakeInstancesAfterBackupRestoration (7ms)
Platform modules already initialized, skipping
========================================================================
Worker process is ready to serve import requests
Launched and connected shader compiler UnityShaderCompiler.exe after 0.05 seconds
Refreshing native plugins compatible for Editor in 0.91 ms, found 9 plugins.
Preloading 0 native plugins for Editor in 0.00 ms.
Unloading 3927 Unused Serialized files (Serialized files now loaded: 0)
Unloading 46 unused Assets / (57.7 KB). Loaded Objects now: 4374.
Memory consumption went from 139.0 MB to 139.0 MB.
Total: 4.990600 ms (FindLiveObjects: 0.373000 ms CreateObjectMapping: 0.356800 ms MarkObjects: 4.084400 ms  DeleteObjects: 0.174600 ms)

AssetImportParameters requested are different than current active one (requested -> active):
  custom:video-decoder-ogg-theora: a1e56fd34408186e4bbccfd4996cb3dc -> 
  custom:container-muxer-webm: aa71ff27fc2769a1b78a27578f13a17b -> 
  custom:container-demuxer-webm: 4f35f7cbe854078d1ac9338744f61a02 -> 
  custom:video-encoder-webm-vp8: eb34c28f22e8b96e1ab97ce403110664 -> 
  custom:audio-encoder-webm-vorbis: bf7c407c2cedff20999df2af8eb42d56 -> 
  custom:framework-win-MediaFoundation: 216162199b28c13a410421893ffa2e32 -> 
  custom:container-demuxer-ogg: 62fdf1f143b41e24485cea50d1cbac27 -> 
  custom:video-decoder-webm-vp8: 9c59270c3fd7afecdb556c50c9e8de78 -> 
  custom:audio-decoder-ogg-vorbis: bf7c407c2cedff20999df2af8eb42d56 -> 
========================================================================
Received Import Request.
  Time since last request: 5434.091836 seconds.
  path: Assets/Interior Asset/Prefabs/Book1.prefab
  artifactKey: Guid(51575859ce98c794abfd0277386c7ce5) Importer(815301076,1909f56bfc062723c751e8b465ee728b)
Start importing Assets/Interior Asset/Prefabs/Book1.prefab using Guid(51575859ce98c794abfd0277386c7ce5) Importer(815301076,1909f56bfc062723c751e8b465ee728b)  -> (artifact id: 'e657e318ae02477b99c3990ef8fef47b') in 0.506207 seconds 
========================================================================
Received Import Request.
  Time since last request: 0.000189 seconds.
  path: Assets/Interior Asset/Prefabs/Shelf.prefab
  artifactKey: Guid(28dd981650691bf4b998a5570c7f03a2) Importer(815301076,1909f56bfc062723c751e8b465ee728b)
Start importing Assets/Interior Asset/Prefabs/Shelf.prefab using Guid(28dd981650691bf4b998a5570c7f03a2) Importer(815301076,1909f56bfc062723c751e8b465ee728b)  -> (artifact id: '9d1d92933ff04e03057808d87c991b9b') in 0.045020 seconds 
========================================================================
Received Import Request.
  Time since last request: 0.000033 seconds.
  path: Assets/Interior Asset/Prefabs/Chair.prefab
  artifactKey: Guid(6d6b709c20acb1840a72d83aba78580e) Importer(815301076,1909f56bfc062723c751e8b465ee728b)
Start importing Assets/Interior Asset/Prefabs/Chair.prefab using Guid(6d6b709c20acb1840a72d83aba78580e) Importer(815301076,1909f56bfc062723c751e8b465ee728b)  -> (artifact id: '0f4dfd0af9924aaea6bd224332fd6632') in 0.066107 seconds 
========================================================================
Received Import Request.
  Time since last request: 0.000046 seconds.
  path: Assets/Interior Asset/Prefabs/Book3.prefab
  artifactKey: Guid(f383356d4eb91f44daddce1e70077112) Importer(815301076,1909f56bfc062723c751e8b465ee728b)
Start importing Assets/Interior Asset/Prefabs/Book3.prefab using Guid(f383356d4eb91f44daddce1e70077112) Importer(815301076,1909f56bfc062723c751e8b465ee728b)  -> (artifact id: 'af3a707fb985967c1c38ff6c7bf0fea1') in 0.057742 seconds 
========================================================================
Received Import Request.
  Time since last request: 0.000038 seconds.
  path: Assets/Interior Asset/Prefabs/Book2.prefab
  artifactKey: Guid(43374f02c65eea84ca9c2bf34a6af4b1) Importer(815301076,1909f56bfc062723c751e8b465ee728b)
Start importing Assets/Interior Asset/Prefabs/Book2.prefab using Guid(43374f02c65eea84ca9c2bf34a6af4b1) Importer(815301076,1909f56bfc062723c751e8b465ee728b)  -> (artifact id: 'd00d5da8a611826bde7b82735704c319') in 0.066473 seconds 
========================================================================
Received Import Request.
  Time since last request: 0.000352 seconds.
  path: Assets/Interior Asset/Prefabs/Table.prefab
  artifactKey: Guid(669679f799484624f86f2ca3427a8be8) Importer(815301076,1909f56bfc062723c751e8b465ee728b)
Start importing Assets/Interior Asset/Prefabs/Table.prefab using Guid(669679f799484624f86f2ca3427a8be8) Importer(815301076,1909f56bfc062723c751e8b465ee728b)  -> (artifact id: '7a9382e833233416c8fa5567758c88e2') in 0.084909 seconds 
========================================================================
Received Import Request.
  Time since last request: 13.420257 seconds.
  path: Assets/Japanese-Style Series/Props/Cushion Pack/prefab/zabutonC01.prefab
  artifactKey: Guid(e5837f48b58ef0745bc33b6d5ba48317) Importer(815301076,1909f56bfc062723c751e8b465ee728b)
Start importing Assets/Japanese-Style Series/Props/Cushion Pack/prefab/zabutonC01.prefab using Guid(e5837f48b58ef0745bc33b6d5ba48317) Importer(815301076,1909f56bfc062723c751e8b465ee728b)  -> (artifact id: 'e0b461f99247ece415b86463117516ae') in 0.042502 seconds 
========================================================================
Received Prepare
Registering precompiled user dll's ...
Registered in 0.017885 seconds.
Begin MonoManager ReloadAssembly
Symbol file LoadedFromMemory doesn't match image C:\Users\Student\Documents\GitHub\Catnip\Library\PackageCache\com.unity.visualscripting@1.7.8\Editor\VisualScripting.Core\Dependencies\DotNetZip\Unity.VisualScripting.IonicZip.dll
Symbol file LoadedFromMemory doesn't match image C:\Users\Student\Documents\GitHub\Catnip\Library\PackageCache\com.unity.visualscripting@1.7.8\Editor\VisualScripting.Core\Dependencies\YamlDotNet\Unity.VisualScripting.YamlDotNet.dll
Native extension for WindowsStandalone target not found
Refreshing native plugins compatible for Editor in 1.85 ms, found 9 plugins.
Preloading 0 native plugins for Editor in 0.00 ms.
Mono: successfully reloaded assembly
- Completed reload, in  2.287 seconds
Domain Reload Profiling:
	ReloadAssembly (2288ms)
		BeginReloadAssembly (385ms)
			ExecutionOrderSort (0ms)
			DisableScriptedObjects (7ms)
			BackupInstance (0ms)
			ReleaseScriptingObjects (0ms)
			CreateAndSetChildDomain (110ms)
		EndReloadAssembly (1671ms)
			LoadAssemblies (207ms)
			RebuildTransferFunctionScriptingTraits (0ms)
			SetupTypeCache (500ms)
			ReleaseScriptCaches (1ms)
			RebuildScriptCaches (82ms)
			SetupLoadedEditorAssemblies (775ms)
				LogAssemblyErrors (0ms)
				InitializePlatformSupportModulesInManaged (27ms)
				SetLoadedEditorAssemblies (1ms)
				RefreshPlugins (2ms)
				BeforeProcessingInitializeOnLoad (125ms)
				ProcessInitializeOnLoadAttributes (547ms)
				ProcessInitializeOnLoadMethodAttributes (55ms)
				AfterProcessingInitializeOnLoad (17ms)
				EditorAssembliesLoaded (0ms)
			ExecutionOrderSort2 (0ms)
			AwakeInstancesAfterBackupRestoration (12ms)
Platform modules already initialized, skipping
Refreshing native plugins compatible for Editor in 5.27 ms, found 9 plugins.
Preloading 0 native plugins for Editor in 0.00 ms.
Unloading 3907 Unused Serialized files (Serialized files now loaded: 0)
Unloading 36 unused Assets / (25.7 KB). Loaded Objects now: 4386.
Memory consumption went from 143.1 MB to 143.1 MB.
Total: 4.015500 ms (FindLiveObjects: 0.448700 ms CreateObjectMapping: 0.302900 ms MarkObjects: 3.212500 ms  DeleteObjects: 0.050100 ms)

AssetImportParameters requested are different than current active one (requested -> active):
  custom:video-decoder-ogg-theora: a1e56fd34408186e4bbccfd4996cb3dc -> 
  custom:container-muxer-webm: aa71ff27fc2769a1b78a27578f13a17b -> 
  custom:container-demuxer-webm: 4f35f7cbe854078d1ac9338744f61a02 -> 
  custom:video-encoder-webm-vp8: eb34c28f22e8b96e1ab97ce403110664 -> 
  custom:audio-encoder-webm-vorbis: bf7c407c2cedff20999df2af8eb42d56 -> 
  custom:framework-win-MediaFoundation: 216162199b28c13a410421893ffa2e32 -> 
  custom:container-demuxer-ogg: 62fdf1f143b41e24485cea50d1cbac27 -> 
  custom:video-decoder-webm-vp8: 9c59270c3fd7afecdb556c50c9e8de78 -> 
  custom:audio-decoder-ogg-vorbis: bf7c407c2cedff20999df2af8eb42d56 -> 
========================================================================
Received Import Request.
  Time since last request: 63.747969 seconds.
  path: Assets/Low Poly Bed Room Furniture PBR/Assets/Prefab/Bed_Set.prefab
  artifactKey: Guid(eef8306c54f201a4e8cd536d25207e32) Importer(815301076,1909f56bfc062723c751e8b465ee728b)
Start importing Assets/Low Poly Bed Room Furniture PBR/Assets/Prefab/Bed_Set.prefab using Guid(eef8306c54f201a4e8cd536d25207e32) Importer(815301076,1909f56bfc062723c751e8b465ee728b)  -> (artifact id: '8df7fbf605f8c98ce5a5260c7541e0d6') in 0.145842 seconds 
========================================================================
Received Import Request.
  Time since last request: 0.000055 seconds.
  path: Assets/Low Poly Bed Room Furniture PBR/Assets/Prefab/Table.prefab
  artifactKey: Guid(f3be12c52c2feee4d989b3f26c8c98ff) Importer(815301076,1909f56bfc062723c751e8b465ee728b)
Start importing Assets/Low Poly Bed Room Furniture PBR/Assets/Prefab/Table.prefab using Guid(f3be12c52c2feee4d989b3f26c8c98ff) Importer(815301076,1909f56bfc062723c751e8b465ee728b)  -> (artifact id: 'f92e16ab3733cbe718230fa36eee1994') in 0.064542 seconds 
========================================================================
Received Import Request.
  Time since last request: 237.373622 seconds.
  path: Assets/Nokobot/EgyptianTomb_CatStatue/01_Prefabs/Statue_Pedestal.prefab
  artifactKey: Guid(22d5920762e594f4e9de30162a07c2af) Importer(815301076,1909f56bfc062723c751e8b465ee728b)
Start importing Assets/Nokobot/EgyptianTomb_CatStatue/01_Prefabs/Statue_Pedestal.prefab using Guid(22d5920762e594f4e9de30162a07c2af) Importer(815301076,1909f56bfc062723c751e8b465ee728b)  -> (artifact id: '3b7d70eaa162855c6b4460e9cdda70b4') in 0.066182 seconds 
========================================================================
Received Prepare
Registering precompiled user dll's ...
Registered in 0.012598 seconds.
Begin MonoManager ReloadAssembly
Symbol file LoadedFromMemory doesn't match image C:\Users\Student\Documents\GitHub\Catnip\Library\PackageCache\com.unity.visualscripting@1.7.8\Editor\VisualScripting.Core\Dependencies\DotNetZip\Unity.VisualScripting.IonicZip.dll
Symbol file LoadedFromMemory doesn't match image C:\Users\Student\Documents\GitHub\Catnip\Library\PackageCache\com.unity.visualscripting@1.7.8\Editor\VisualScripting.Core\Dependencies\YamlDotNet\Unity.VisualScripting.YamlDotNet.dll
Native extension for WindowsStandalone target not found
Refreshing native plugins compatible for Editor in 0.94 ms, found 9 plugins.
Preloading 0 native plugins for Editor in 0.00 ms.
Mono: successfully reloaded assembly
- Completed reload, in  1.855 seconds
Domain Reload Profiling:
	ReloadAssembly (1856ms)
		BeginReloadAssembly (302ms)
			ExecutionOrderSort (0ms)
			DisableScriptedObjects (15ms)
			BackupInstance (0ms)
			ReleaseScriptingObjects (0ms)
			CreateAndSetChildDomain (72ms)
		EndReloadAssembly (1401ms)
			LoadAssemblies (193ms)
			RebuildTransferFunctionScriptingTraits (0ms)
			SetupTypeCache (553ms)
			ReleaseScriptCaches (2ms)
			RebuildScriptCaches (64ms)
			SetupLoadedEditorAssemblies (567ms)
				LogAssemblyErrors (0ms)
				InitializePlatformSupportModulesInManaged (16ms)
				SetLoadedEditorAssemblies (1ms)
				RefreshPlugins (1ms)
				BeforeProcessingInitializeOnLoad (95ms)
				ProcessInitializeOnLoadAttributes (393ms)
				ProcessInitializeOnLoadMethodAttributes (49ms)
				AfterProcessingInitializeOnLoad (13ms)
				EditorAssembliesLoaded (0ms)
			ExecutionOrderSort2 (0ms)
			AwakeInstancesAfterBackupRestoration (8ms)
Platform modules already initialized, skipping
Refreshing native plugins compatible for Editor in 6.11 ms, found 9 plugins.
Preloading 0 native plugins for Editor in 0.00 ms.
Unloading 3907 Unused Serialized files (Serialized files now loaded: 0)
Unloading 36 unused Assets / (25.7 KB). Loaded Objects now: 4390.
Memory consumption went from 143.1 MB to 143.1 MB.
Total: 5.856500 ms (FindLiveObjects: 0.390100 ms CreateObjectMapping: 0.242500 ms MarkObjects: 5.116100 ms  DeleteObjects: 0.106600 ms)

AssetImportParameters requested are different than current active one (requested -> active):
  custom:video-decoder-ogg-theora: a1e56fd34408186e4bbccfd4996cb3dc -> 
  custom:container-muxer-webm: aa71ff27fc2769a1b78a27578f13a17b -> 
  custom:container-demuxer-webm: 4f35f7cbe854078d1ac9338744f61a02 -> 
  custom:video-encoder-webm-vp8: eb34c28f22e8b96e1ab97ce403110664 -> 
  custom:audio-encoder-webm-vorbis: bf7c407c2cedff20999df2af8eb42d56 -> 
  custom:framework-win-MediaFoundation: 216162199b28c13a410421893ffa2e32 -> 
  custom:container-demuxer-ogg: 62fdf1f143b41e24485cea50d1cbac27 -> 
  custom:video-decoder-webm-vp8: 9c59270c3fd7afecdb556c50c9e8de78 -> 
  custom:audio-decoder-ogg-vorbis: bf7c407c2cedff20999df2af8eb42d56 -> 
========================================================================
Received Import Request.
  Time since last request: 160.677413 seconds.
  path: Assets/Toon Furniture/Prefabs/BookCase_1.prefab
  artifactKey: Guid(2e56118484113a44faa3c8e83481b418) Importer(815301076,1909f56bfc062723c751e8b465ee728b)
Start importing Assets/Toon Furniture/Prefabs/BookCase_1.prefab using Guid(2e56118484113a44faa3c8e83481b418) Importer(815301076,1909f56bfc062723c751e8b465ee728b)  -> (artifact id: 'de21470b9758583064628ac7a25dcf14') in 0.361617 seconds 
========================================================================
Received Import Request.
  Time since last request: 0.000027 seconds.
  path: Assets/Toon Furniture/Prefabs/CoffeTable_3.prefab
  artifactKey: Guid(84b3095a92ec27d448532647a747bbf9) Importer(815301076,1909f56bfc062723c751e8b465ee728b)
Start importing Assets/Toon Furniture/Prefabs/CoffeTable_3.prefab using Guid(84b3095a92ec27d448532647a747bbf9) Importer(815301076,1909f56bfc062723c751e8b465ee728b)  -> (artifact id: '91cd64b4ce36711d0ab1dd6e0b8dbfb1') in 0.049363 seconds 
========================================================================
Received Import Request.
  Time since last request: 0.000045 seconds.
  path: Assets/Toon Furniture/Prefabs/Cooker_1.prefab
  artifactKey: Guid(c52450844cbe82d4b8e23d3c84431f3c) Importer(815301076,1909f56bfc062723c751e8b465ee728b)
Start importing Assets/Toon Furniture/Prefabs/Cooker_1.prefab using Guid(c52450844cbe82d4b8e23d3c84431f3c) Importer(815301076,1909f56bfc062723c751e8b465ee728b)  -> (artifact id: 'bc795633b7873fe9279cf57647428901') in 0.033617 seconds 
========================================================================
Received Import Request.
  Time since last request: 0.000021 seconds.
  path: Assets/Toon Furniture/Prefabs/Books_1_4.prefab
  artifactKey: Guid(569b91127553a1041a6d6aa2e81bf80d) Importer(815301076,1909f56bfc062723c751e8b465ee728b)
Start importing Assets/Toon Furniture/Prefabs/Books_1_4.prefab using Guid(569b91127553a1041a6d6aa2e81bf80d) Importer(815301076,1909f56bfc062723c751e8b465ee728b)  -> (artifact id: '08d7be6feb28546becc334bd834d5e60') in 0.038443 seconds 
========================================================================
Received Import Request.
  Time since last request: 0.000044 seconds.
  path: Assets/Toon Furniture/Prefabs/Queen_Bed_2.prefab
  artifactKey: Guid(f4b6d9b5cf2500e419d8cb4fb82a84eb) Importer(815301076,1909f56bfc062723c751e8b465ee728b)
Start importing Assets/Toon Furniture/Prefabs/Queen_Bed_2.prefab using Guid(f4b6d9b5cf2500e419d8cb4fb82a84eb) Importer(815301076,1909f56bfc062723c751e8b465ee728b)  -> (artifact id: 'df4bc8f50404fbc62f2a5cac60b17b3e') in 0.037516 seconds 
========================================================================
Received Import Request.
  Time since last request: 0.000037 seconds.
  path: Assets/Toon Furniture/Prefabs/CoffeTable_1.prefab
  artifactKey: Guid(0051796fd9b1ab54fbd13fdf8d2cd2bb) Importer(815301076,1909f56bfc062723c751e8b465ee728b)
Start importing Assets/Toon Furniture/Prefabs/CoffeTable_1.prefab using Guid(0051796fd9b1ab54fbd13fdf8d2cd2bb) Importer(815301076,1909f56bfc062723c751e8b465ee728b)  -> (artifact id: 'b77b65a1fd82f7cc8cd33eea62136674') in 0.030840 seconds 
========================================================================
Received Import Request.
  Time since last request: 0.000022 seconds.
  path: Assets/Toon Furniture/Prefabs/Books_1_2.prefab
  artifactKey: Guid(4824839bd071a8147b3efd7538332d29) Importer(815301076,1909f56bfc062723c751e8b465ee728b)
Start importing Assets/Toon Furniture/Prefabs/Books_1_2.prefab using Guid(4824839bd071a8147b3efd7538332d29) Importer(815301076,1909f56bfc062723c751e8b465ee728b)  -> (artifact id: '63c7a27c876745fa50023f4d2576d19c') in 0.022728 seconds 
========================================================================
Received Import Request.
  Time since last request: 0.000034 seconds.
  path: Assets/Toon Furniture/Prefabs/CoffeTable_2.prefab
  artifactKey: Guid(09782e9b245027943b80aeaafb397b6b) Importer(815301076,1909f56bfc062723c751e8b465ee728b)
Start importing Assets/Toon Furniture/Prefabs/CoffeTable_2.prefab using Guid(09782e9b245027943b80aeaafb397b6b) Importer(815301076,1909f56bfc062723c751e8b465ee728b)  -> (artifact id: 'e69c25dc33858480d748aacccf286345') in 0.028751 seconds 
========================================================================
Received Import Request.
  Time since last request: 0.004097 seconds.
  path: Assets/Toon Furniture/Prefabs/Books_1_3.prefab
  artifactKey: Guid(1d01d3e47aa094e46a9b21e9bfe34386) Importer(815301076,1909f56bfc062723c751e8b465ee728b)
Start importing Assets/Toon Furniture/Prefabs/Books_1_3.prefab using Guid(1d01d3e47aa094e46a9b21e9bfe34386) Importer(815301076,1909f56bfc062723c751e8b465ee728b)  -> (artifact id: 'a4990675a4bcfe2791977367497267a5') in 0.039134 seconds 
========================================================================
Received Import Request.
  Time since last request: 0.000025 seconds.
  path: Assets/Toon Furniture/Prefabs/Couch_1.prefab
  artifactKey: Guid(57a32613b8338fb46b75889d19358690) Importer(815301076,1909f56bfc062723c751e8b465ee728b)
Start importing Assets/Toon Furniture/Prefabs/Couch_1.prefab using Guid(57a32613b8338fb46b75889d19358690) Importer(815301076,1909f56bfc062723c751e8b465ee728b)  -> (artifact id: 'ad3795ba3b2b57a1a126fec8a39676c7') in 0.058064 seconds 
========================================================================
Received Import Request.
  Time since last request: 0.000038 seconds.
  path: Assets/Toon Furniture/Prefabs/Headboard_1_1.prefab
  artifactKey: Guid(1a63090d599e28043b9a0505fb2a3315) Importer(815301076,1909f56bfc062723c751e8b465ee728b)
Start importing Assets/Toon Furniture/Prefabs/Headboard_1_1.prefab using Guid(1a63090d599e28043b9a0505fb2a3315) Importer(815301076,1909f56bfc062723c751e8b465ee728b)  -> (artifact id: '5bcd7bd5a637b99f2646a5804fde3303') in 0.050250 seconds 
========================================================================
Received Import Request.
  Time since last request: 0.000046 seconds.
  path: Assets/Toon Furniture/Prefabs/Headboard_1_2.prefab
  artifactKey: Guid(8a0b1c6fad6341742bc53e359b2eb97c) Importer(815301076,1909f56bfc062723c751e8b465ee728b)
Start importing Assets/Toon Furniture/Prefabs/Headboard_1_2.prefab using Guid(8a0b1c6fad6341742bc53e359b2eb97c) Importer(815301076,1909f56bfc062723c751e8b465ee728b)  -> (artifact id: '33fc6f5c734d258438fd98e4b5997f25') in 0.065744 seconds 
========================================================================
Received Import Request.
  Time since last request: 0.000212 seconds.
  path: Assets/Toon Furniture/Prefabs/Books_1_1.prefab
  artifactKey: Guid(dd63c090f4a9ca84a90829fa533a1889) Importer(815301076,1909f56bfc062723c751e8b465ee728b)
Start importing Assets/Toon Furniture/Prefabs/Books_1_1.prefab using Guid(dd63c090f4a9ca84a90829fa533a1889) Importer(815301076,1909f56bfc062723c751e8b465ee728b)  -> (artifact id: 'f296ec1d5f19fed1be231042d5394421') in 0.042758 seconds 
========================================================================
Received Import Request.
  Time since last request: 0.000023 seconds.
  path: Assets/Toon Furniture/Prefabs/Chair_4.prefab
  artifactKey: Guid(f4361284dc70ab044b5b3d136b00d8d1) Importer(815301076,1909f56bfc062723c751e8b465ee728b)
Start importing Assets/Toon Furniture/Prefabs/Chair_4.prefab using Guid(f4361284dc70ab044b5b3d136b00d8d1) Importer(815301076,1909f56bfc062723c751e8b465ee728b)  -> (artifact id: '35ddd71157758cb178d45e305919038c') in 0.058188 seconds 
========================================================================
Received Import Request.
  Time since last request: 0.000029 seconds.
  path: Assets/Toon Furniture/Prefabs/Couch_3.prefab
  artifactKey: Guid(2145aca4677bd374bb41e3f80a5b53d6) Importer(815301076,1909f56bfc062723c751e8b465ee728b)
Start importing Assets/Toon Furniture/Prefabs/Couch_3.prefab using Guid(2145aca4677bd374bb41e3f80a5b53d6) Importer(815301076,1909f56bfc062723c751e8b465ee728b)  -> (artifact id: '27e083616ab6c8b2d1302ff2feb0961b') in 0.036153 seconds 
========================================================================
Received Import Request.
  Time since last request: 0.000063 seconds.
  path: Assets/Toon Furniture/Prefabs/Chair_3.prefab
  artifactKey: Guid(2bed2b2c0943e36459952282ba5f7292) Importer(815301076,1909f56bfc062723c751e8b465ee728b)
Start importing Assets/Toon Furniture/Prefabs/Chair_3.prefab using Guid(2bed2b2c0943e36459952282ba5f7292) Importer(815301076,1909f56bfc062723c751e8b465ee728b)  -> (artifact id: '02979c389d332146b0443042c0fb1e31') in 0.045436 seconds 
========================================================================
Received Import Request.
  Time since last request: 0.000337 seconds.
  path: Assets/Toon Furniture/Prefabs/Queen_Bed_1.prefab
  artifactKey: Guid(10efb94c6bff2ac4ead891c26d371ef4) Importer(815301076,1909f56bfc062723c751e8b465ee728b)
Start importing Assets/Toon Furniture/Prefabs/Queen_Bed_1.prefab using Guid(10efb94c6bff2ac4ead891c26d371ef4) Importer(815301076,1909f56bfc062723c751e8b465ee728b)  -> (artifact id: '75ad77c7719a69cec19a458477829e3b') in 0.059381 seconds 
========================================================================
Received Import Request.
  Time since last request: 0.000058 seconds.
  path: Assets/Toon Furniture/Prefabs/Table_1.prefab
  artifactKey: Guid(78c8d34799651084ca96701912d664dc) Importer(815301076,1909f56bfc062723c751e8b465ee728b)
Start importing Assets/Toon Furniture/Prefabs/Table_1.prefab using Guid(78c8d34799651084ca96701912d664dc) Importer(815301076,1909f56bfc062723c751e8b465ee728b)  -> (artifact id: 'c45bd9569faa81e72c84b3132617e5ee') in 0.068792 seconds 
========================================================================
Received Import Request.
  Time since last request: 0.004398 seconds.
  path: Assets/Toon Furniture/Prefabs/Sink_1.prefab
  artifactKey: Guid(59799fa2671678946a502e2ca01da4a6) Importer(815301076,1909f56bfc062723c751e8b465ee728b)
Start importing Assets/Toon Furniture/Prefabs/Sink_1.prefab using Guid(59799fa2671678946a502e2ca01da4a6) Importer(815301076,1909f56bfc062723c751e8b465ee728b)  -> (artifact id: 'ac1fb1d9a290af450108cf1f8fd53885') in 0.067559 seconds 
========================================================================
Received Import Request.
  Time since last request: 0.000681 seconds.
  path: Assets/Toon Furniture/Prefabs/CoffeTable_4.prefab
  artifactKey: Guid(76ad0c5c9efae324b940fda5e601d62c) Importer(815301076,1909f56bfc062723c751e8b465ee728b)
Start importing Assets/Toon Furniture/Prefabs/CoffeTable_4.prefab using Guid(76ad0c5c9efae324b940fda5e601d62c) Importer(815301076,1909f56bfc062723c751e8b465ee728b)  -> (artifact id: '08f4bc05280de5f24999fae20c1d400a') in 0.038761 seconds 
========================================================================
Received Import Request.
  Time since last request: 0.000056 seconds.
  path: Assets/Toon Furniture/Prefabs/ModularCounter_3.prefab
  artifactKey: Guid(e8e3d84b4df91a24892ed822cd330e12) Importer(815301076,1909f56bfc062723c751e8b465ee728b)
Start importing Assets/Toon Furniture/Prefabs/ModularCounter_3.prefab using Guid(e8e3d84b4df91a24892ed822cd330e12) Importer(815301076,1909f56bfc062723c751e8b465ee728b)  -> (artifact id: 'e668ee1389aaf06fec75dd3f7cebc368') in 0.039372 seconds 
========================================================================
Received Import Request.
  Time since last request: 0.000030 seconds.
  path: Assets/Toon Furniture/Prefabs/Counter_1_1.prefab
  artifactKey: Guid(2794e48d8bf5c7349b42f50bb23e5e4b) Importer(815301076,1909f56bfc062723c751e8b465ee728b)
Start importing Assets/Toon Furniture/Prefabs/Counter_1_1.prefab using Guid(2794e48d8bf5c7349b42f50bb23e5e4b) Importer(815301076,1909f56bfc062723c751e8b465ee728b)  -> (artifact id: 'a6e2168ab6fe4119d0927191c62154a3') in 0.041631 seconds 
========================================================================
Received Import Request.
  Time since last request: 0.000029 seconds.
  path: Assets/Toon Furniture/Prefabs/Chair_2.prefab
  artifactKey: Guid(362911fc952a76e47a19b4e21bc4b183) Importer(815301076,1909f56bfc062723c751e8b465ee728b)
Start importing Assets/Toon Furniture/Prefabs/Chair_2.prefab using Guid(362911fc952a76e47a19b4e21bc4b183) Importer(815301076,1909f56bfc062723c751e8b465ee728b)  -> (artifact id: 'dbeb7b5f439e9d5972f2cacb1f7b03d1') in 0.033009 seconds 
========================================================================
Received Import Request.
  Time since last request: 0.000044 seconds.
  path: Assets/Toon Furniture/Prefabs/Chair_6.prefab
  artifactKey: Guid(90421e262216bf6428b4337235113ed2) Importer(815301076,1909f56bfc062723c751e8b465ee728b)
Start importing Assets/Toon Furniture/Prefabs/Chair_6.prefab using Guid(90421e262216bf6428b4337235113ed2) Importer(815301076,1909f56bfc062723c751e8b465ee728b)  -> (artifact id: '962858cb133c1d552bfef5193e8736a8') in 0.042322 seconds 
Editor requested this worker to shutdown with reason: Scaling down because of idle timeout
AssetImportWorker is now disconnected from the server
Process exiting
Exiting without the bug reporter. Application will terminate with return code 0