Using pre-set license
Built from '2021.3/staging' branch; Version is '2021.3.10f1 (1c7d0df0160b) revision 1867021'; Using compiler version '192829333'; Build Type 'Release'
OS: 'Windows 10  (10.0.19044) 64bit Core' Language: 'de' Physical Memory: 16330 MB
BatchMode: 1, IsHumanControllingUs: 0, StartBugReporterOnCrash: 0, Is64bit: 1, IsPro: 1

COMMAND LINE ARGUMENTS:
C:\Program Files\Unity\Hub\Editor\2021.3.10f1\Editor\Unity.exe
-adb2
-batchMode
-noUpm
-name
AssetImportWorker1
-projectPath
C:/Users/Student/Documents/GitHub/Catnip
-logFile
Logs/AssetImportWorker1.log
-srvPort
62234
Successfully changed project path to: C:/Users/Student/Documents/GitHub/Catnip
C:/Users/Student/Documents/GitHub/Catnip
[UnityMemory] Configuration Parameters - Can be set up in boot.config
    "memorysetup-bucket-allocator-granularity=16"
    "memorysetup-bucket-allocator-bucket-count=8"
    "memorysetup-bucket-allocator-block-size=33554432"
    "memorysetup-bucket-allocator-block-count=8"
    "memorysetup-main-allocator-block-size=16777216"
    "memorysetup-thread-allocator-block-size=16777216"
    "memorysetup-gfx-main-allocator-block-size=16777216"
    "memorysetup-gfx-thread-allocator-block-size=16777216"
    "memorysetup-cache-allocator-block-size=4194304"
    "memorysetup-typetree-allocator-block-size=2097152"
    "memorysetup-profiler-bucket-allocator-granularity=16"
    "memorysetup-profiler-bucket-allocator-bucket-count=8"
    "memorysetup-profiler-bucket-allocator-block-size=33554432"
    "memorysetup-profiler-bucket-allocator-block-count=8"
    "memorysetup-profiler-allocator-block-size=16777216"
    "memorysetup-profiler-editor-allocator-block-size=1048576"
    "memorysetup-temp-allocator-size-main=16777216"
    "memorysetup-job-temp-allocator-block-size=2097152"
    "memorysetup-job-temp-allocator-block-size-background=1048576"
    "memorysetup-job-temp-allocator-reduction-small-platforms=262144"
    "memorysetup-temp-allocator-size-background-worker=32768"
    "memorysetup-temp-allocator-size-job-worker=262144"
    "memorysetup-temp-allocator-size-preload-manager=33554432"
    "memorysetup-temp-allocator-size-nav-mesh-worker=65536"
    "memorysetup-temp-allocator-size-audio-worker=65536"
    "memorysetup-temp-allocator-size-cloud-worker=32768"
    "memorysetup-temp-allocator-size-gi-baking-worker=262144"
    "memorysetup-temp-allocator-size-gfx=262144"
Refreshing native plugins compatible for Editor in 114.96 ms, found 9 plugins.
Preloading 0 native plugins for Editor in 0.00 ms.
Initialize engine version: 2021.3.10f1 (1c7d0df0160b)
[Subsystems] Discovering subsystems at path C:/Program Files/Unity/Hub/Editor/2021.3.10f1/Editor/Data/Resources/UnitySubsystems
[Subsystems] Discovering subsystems at path C:/Users/Student/Documents/GitHub/Catnip/Assets
GfxDevice: creating device client; threaded=0; jobified=0
Direct3D:
    Version:  Direct3D 11.0 [level 11.1]
    Renderer: NVIDIA GeForce GTX 1080 (ID=0x1be0)
    Vendor:   NVIDIA
    VRAM:     8079 MB
    Driver:   27.21.14.5720
Initialize mono
Mono path[0] = 'C:/Program Files/Unity/Hub/Editor/2021.3.10f1/Editor/Data/Managed'
Mono path[1] = 'C:/Program Files/Unity/Hub/Editor/2021.3.10f1/Editor/Data/MonoBleedingEdge/lib/mono/unityjit-win32'
Mono config path = 'C:/Program Files/Unity/Hub/Editor/2021.3.10f1/Editor/Data/MonoBleedingEdge/etc'
Using monoOptions --debugger-agent=transport=dt_socket,embedding=1,server=y,suspend=n,address=127.0.0.1:56320
Begin MonoManager ReloadAssembly
Registering precompiled unity dll's ...
Register platform support module: C:/Program Files/Unity/Hub/Editor/2021.3.10f1/Editor/Data/PlaybackEngines/WindowsStandaloneSupport/UnityEditor.WindowsStandalone.Extensions.dll
Registered in 0.008873 seconds.
Native extension for WindowsStandalone target not found
Refreshing native plugins compatible for Editor in 113.35 ms, found 9 plugins.
Preloading 0 native plugins for Editor in 0.00 ms.
Mono: successfully reloaded assembly
- Completed reload, in  0.773 seconds
Domain Reload Profiling:
	ReloadAssembly (774ms)
		BeginReloadAssembly (91ms)
			ExecutionOrderSort (0ms)
			DisableScriptedObjects (0ms)
			BackupInstance (0ms)
			ReleaseScriptingObjects (0ms)
			CreateAndSetChildDomain (1ms)
		EndReloadAssembly (559ms)
			LoadAssemblies (88ms)
			RebuildTransferFunctionScriptingTraits (0ms)
			SetupTypeCache (116ms)
			ReleaseScriptCaches (0ms)
			RebuildScriptCaches (33ms)
			SetupLoadedEditorAssemblies (351ms)
				LogAssemblyErrors (0ms)
				InitializePlatformSupportModulesInManaged (8ms)
				SetLoadedEditorAssemblies (0ms)
				RefreshPlugins (113ms)
				BeforeProcessingInitializeOnLoad (2ms)
				ProcessInitializeOnLoadAttributes (170ms)
				ProcessInitializeOnLoadMethodAttributes (56ms)
				AfterProcessingInitializeOnLoad (0ms)
				EditorAssembliesLoaded (0ms)
			ExecutionOrderSort2 (0ms)
			AwakeInstancesAfterBackupRestoration (0ms)
Platform modules already initialized, skipping
Registering precompiled user dll's ...
Registered in 0.015187 seconds.
Begin MonoManager ReloadAssembly
Symbol file LoadedFromMemory doesn't match image C:\Users\Student\Documents\GitHub\Catnip\Library\PackageCache\com.unity.visualscripting@1.7.8\Editor\VisualScripting.Core\Dependencies\DotNetZip\Unity.VisualScripting.IonicZip.dll
Symbol file LoadedFromMemory doesn't match image C:\Users\Student\Documents\GitHub\Catnip\Library\PackageCache\com.unity.visualscripting@1.7.8\Editor\VisualScripting.Core\Dependencies\YamlDotNet\Unity.VisualScripting.YamlDotNet.dll
Native extension for WindowsStandalone target not found
Refreshing native plugins compatible for Editor in 103.07 ms, found 9 plugins.
Preloading 0 native plugins for Editor in 0.00 ms.
Package Manager log level set to [2]
Mono: successfully reloaded assembly
- Completed reload, in  1.471 seconds
Domain Reload Profiling:
	ReloadAssembly (1472ms)
		BeginReloadAssembly (146ms)
			ExecutionOrderSort (0ms)
			DisableScriptedObjects (8ms)
			BackupInstance (0ms)
			ReleaseScriptingObjects (0ms)
			CreateAndSetChildDomain (27ms)
		EndReloadAssembly (1191ms)
			LoadAssemblies (125ms)
			RebuildTransferFunctionScriptingTraits (0ms)
			SetupTypeCache (311ms)
			ReleaseScriptCaches (1ms)
			RebuildScriptCaches (64ms)
			SetupLoadedEditorAssemblies (641ms)
				LogAssemblyErrors (0ms)
				InitializePlatformSupportModulesInManaged (6ms)
				SetLoadedEditorAssemblies (0ms)
				RefreshPlugins (103ms)
				BeforeProcessingInitializeOnLoad (114ms)
				ProcessInitializeOnLoadAttributes (368ms)
				ProcessInitializeOnLoadMethodAttributes (39ms)
				AfterProcessingInitializeOnLoad (11ms)
				EditorAssembliesLoaded (0ms)
			ExecutionOrderSort2 (0ms)
			AwakeInstancesAfterBackupRestoration (7ms)
Platform modules already initialized, skipping
========================================================================
Worker process is ready to serve import requests
Launched and connected shader compiler UnityShaderCompiler.exe after 0.05 seconds
Refreshing native plugins compatible for Editor in 1.82 ms, found 9 plugins.
Preloading 0 native plugins for Editor in 0.00 ms.
Unloading 3927 Unused Serialized files (Serialized files now loaded: 0)
Unloading 46 unused Assets / (57.5 KB). Loaded Objects now: 4391.
Memory consumption went from 152.3 MB to 152.3 MB.
Total: 6.069600 ms (FindLiveObjects: 0.380000 ms CreateObjectMapping: 0.330800 ms MarkObjects: 4.962800 ms  DeleteObjects: 0.376700 ms)

AssetImportParameters requested are different than current active one (requested -> active):
  custom:video-decoder-ogg-theora: a1e56fd34408186e4bbccfd4996cb3dc -> 
  custom:container-muxer-webm: aa71ff27fc2769a1b78a27578f13a17b -> 
  custom:container-demuxer-webm: 4f35f7cbe854078d1ac9338744f61a02 -> 
  custom:video-encoder-webm-vp8: eb34c28f22e8b96e1ab97ce403110664 -> 
  custom:audio-encoder-webm-vorbis: bf7c407c2cedff20999df2af8eb42d56 -> 
  custom:framework-win-MediaFoundation: 216162199b28c13a410421893ffa2e32 -> 
  custom:container-demuxer-ogg: 62fdf1f143b41e24485cea50d1cbac27 -> 
  custom:video-decoder-webm-vp8: 9c59270c3fd7afecdb556c50c9e8de78 -> 
  custom:audio-decoder-ogg-vorbis: bf7c407c2cedff20999df2af8eb42d56 -> 
========================================================================
Received Import Request.
  Time since last request: 7057.738923 seconds.
  path: Assets/dark ages furn/FBX/table.005.fbx
  artifactKey: Guid(f9716e096f518fb4fb2a8df53aa3b2c0) Importer(815301076,1909f56bfc062723c751e8b465ee728b)
Start importing Assets/dark ages furn/FBX/table.005.fbx using Guid(f9716e096f518fb4fb2a8df53aa3b2c0) Importer(815301076,1909f56bfc062723c751e8b465ee728b)  -> (artifact id: 'cb1e3ae1f3b5be36b4b873f163dfc3de') in 0.244493 seconds 
========================================================================
Received Import Request.
  Time since last request: 0.000032 seconds.
  path: Assets/dark ages furn/Prefabs/Tables/bedside_table.001.prefab
  artifactKey: Guid(23e4917209654d2429c3955900bdee6c) Importer(815301076,1909f56bfc062723c751e8b465ee728b)
Start importing Assets/dark ages furn/Prefabs/Tables/bedside_table.001.prefab using Guid(23e4917209654d2429c3955900bdee6c) Importer(815301076,1909f56bfc062723c751e8b465ee728b)  -> (artifact id: 'a06538bec136392fcecfde7947a05cae') in 0.056250 seconds 
========================================================================
Received Import Request.
  Time since last request: 0.000038 seconds.
  path: Assets/dark ages furn/FBX/bedside_table.001.fbx
  artifactKey: Guid(9c7758246e54147438029b3b9e4927dd) Importer(815301076,1909f56bfc062723c751e8b465ee728b)
Start importing Assets/dark ages furn/FBX/bedside_table.001.fbx using Guid(9c7758246e54147438029b3b9e4927dd) Importer(815301076,1909f56bfc062723c751e8b465ee728b)  -> (artifact id: 'cf5c2f42f46ce05230461d95c2305ab0') in 0.032387 seconds 
========================================================================
Received Import Request.
  Time since last request: 67.693364 seconds.
  path: Assets/dark ages furn/Prefabs/hexenkessel/Barrels/barrel.prefab
  artifactKey: Guid(bd0681bf08f5abb40b50c57331267663) Importer(815301076,1909f56bfc062723c751e8b465ee728b)
Start importing Assets/dark ages furn/Prefabs/hexenkessel/Barrels/barrel.prefab using Guid(bd0681bf08f5abb40b50c57331267663) Importer(815301076,1909f56bfc062723c751e8b465ee728b)  -> (artifact id: '5d0c3138ac7420332b47db1da5b8c1dd') in 0.112943 seconds 
========================================================================
Received Import Request.
  Time since last request: 0.000041 seconds.
  path: Assets/dark ages furn/Textures/fabric_bag_2_d.png
  artifactKey: Guid(ae180a227667dda439736e6c312b456e) Importer(815301076,1909f56bfc062723c751e8b465ee728b)
Start importing Assets/dark ages furn/Textures/fabric_bag_2_d.png using Guid(ae180a227667dda439736e6c312b456e) Importer(815301076,1909f56bfc062723c751e8b465ee728b)  -> (artifact id: 'd83a0164bf6484f237171ef498738547') in 0.040610 seconds 
========================================================================
Received Import Request.
  Time since last request: 0.000988 seconds.
  path: Assets/Suburban Structure Kit/Prefabs/FullPrefabs/SuburbanHouseVer1.prefab
  artifactKey: Guid(d18575db84348924490b1cafa3686243) Importer(815301076,1909f56bfc062723c751e8b465ee728b)
Start importing Assets/Suburban Structure Kit/Prefabs/FullPrefabs/SuburbanHouseVer1.prefab using Guid(d18575db84348924490b1cafa3686243) Importer(815301076,1909f56bfc062723c751e8b465ee728b)  -> (artifact id: 'bd7d98cdd2ca9cc3c45661609201101b') in 0.419204 seconds 
========================================================================
Received Import Request.
  Time since last request: 0.000033 seconds.
  path: Assets/dark ages furn/FBX/barrel.005.fbx
  artifactKey: Guid(dc4e3daa73809664eb12ef7d9a05e71c) Importer(815301076,1909f56bfc062723c751e8b465ee728b)
Start importing Assets/dark ages furn/FBX/barrel.005.fbx using Guid(dc4e3daa73809664eb12ef7d9a05e71c) Importer(815301076,1909f56bfc062723c751e8b465ee728b)  -> (artifact id: '7c487d0c7be60a7ed63a519b6f638bc7') in 0.060087 seconds 
========================================================================
Received Import Request.
  Time since last request: 0.000046 seconds.
  path: Assets/dark ages furn/Textures/fabric_bag_1_o.png
  artifactKey: Guid(ead91c9e2e89c3047b680b4f7a86ece2) Importer(815301076,1909f56bfc062723c751e8b465ee728b)
Start importing Assets/dark ages furn/Textures/fabric_bag_1_o.png using Guid(ead91c9e2e89c3047b680b4f7a86ece2) Importer(815301076,1909f56bfc062723c751e8b465ee728b)  -> (artifact id: 'da513a664328f7095a23a58a531c247d') in 0.022733 seconds 
========================================================================
Received Import Request.
  Time since last request: 0.000044 seconds.
  path: Assets/dark ages furn/Textures/fabric_bag_1_n.png
  artifactKey: Guid(00b247345d100a24eb17a7146d9efec7) Importer(815301076,1909f56bfc062723c751e8b465ee728b)
Start importing Assets/dark ages furn/Textures/fabric_bag_1_n.png using Guid(00b247345d100a24eb17a7146d9efec7) Importer(815301076,1909f56bfc062723c751e8b465ee728b)  -> (artifact id: 'c1fa813321c4587a2c1affeb6c64de82') in 0.022647 seconds 
========================================================================
Received Import Request.
  Time since last request: 0.000039 seconds.
  path: Assets/dark ages furn/FBX/barrel.003.fbx
  artifactKey: Guid(2797a1e5240980a41a5c432cb694063d) Importer(815301076,1909f56bfc062723c751e8b465ee728b)
Start importing Assets/dark ages furn/FBX/barrel.003.fbx using Guid(2797a1e5240980a41a5c432cb694063d) Importer(815301076,1909f56bfc062723c751e8b465ee728b)  -> (artifact id: '7f58e3d27683ed6f97b6c0a0e0c1de1b') in 0.049832 seconds 
========================================================================
Received Import Request.
  Time since last request: 0.000024 seconds.
  path: Assets/Suburban Structure Kit/Prefabs/FullPrefabs/SuburbanHouseVer3A.prefab
  artifactKey: Guid(914761b82962bf0468c45833469bb498) Importer(815301076,1909f56bfc062723c751e8b465ee728b)
Start importing Assets/Suburban Structure Kit/Prefabs/FullPrefabs/SuburbanHouseVer3A.prefab using Guid(914761b82962bf0468c45833469bb498) Importer(815301076,1909f56bfc062723c751e8b465ee728b)  -> (artifact id: '539bc229106a15aac5bf521ebe156ea7') in 0.216247 seconds 
========================================================================
Received Import Request.
  Time since last request: 0.000031 seconds.
  path: Assets/Suburban Structure Kit/Models/BaseboardColonialOScorner.fbx
  artifactKey: Guid(f20ffa91b79be264989ad19ff8286a18) Importer(815301076,1909f56bfc062723c751e8b465ee728b)
Start importing Assets/Suburban Structure Kit/Models/BaseboardColonialOScorner.fbx using Guid(f20ffa91b79be264989ad19ff8286a18) Importer(815301076,1909f56bfc062723c751e8b465ee728b)  -> (artifact id: '511d910ca670e994c5b3eb267e181be3') in 0.075286 seconds 
========================================================================
Received Import Request.
  Time since last request: 0.000029 seconds.
  path: Assets/Suburban Structure Kit/Prefabs/FullPrefabs/SuburbanHouseVer3B.prefab
  artifactKey: Guid(e57a10b1c9016b742a3084e52be77b80) Importer(815301076,1909f56bfc062723c751e8b465ee728b)
Start importing Assets/Suburban Structure Kit/Prefabs/FullPrefabs/SuburbanHouseVer3B.prefab using Guid(e57a10b1c9016b742a3084e52be77b80) Importer(815301076,1909f56bfc062723c751e8b465ee728b)  -> (artifact id: 'da4dcc6ab994cdbe7f9285400e1f92c1') in 0.243488 seconds 
Editor requested this worker to shutdown with reason: Scaling down because of idle timeout
AssetImportWorker is now disconnected from the server
Process exiting
Exiting without the bug reporter. Application will terminate with return code 0