Using pre-set license
Built from '2021.3/staging' branch; Version is '2021.3.10f1 (1c7d0df0160b) revision 1867021'; Using compiler version '192829333'; Build Type 'Release'
OS: 'Windows 10  (10.0.19044) 64bit Core' Language: 'de' Physical Memory: 16330 MB
BatchMode: 1, IsHumanControllingUs: 0, StartBugReporterOnCrash: 0, Is64bit: 1, IsPro: 1

COMMAND LINE ARGUMENTS:
C:\Program Files\Unity\Hub\Editor\2021.3.10f1\Editor\Unity.exe
-adb2
-batchMode
-noUpm
-name
AssetImportWorker6
-projectPath
C:/Users/Student/Documents/GitHub/Catnip
-logFile
Logs/AssetImportWorker6.log
-srvPort
56105
Successfully changed project path to: C:/Users/Student/Documents/GitHub/Catnip
C:/Users/Student/Documents/GitHub/Catnip
[UnityMemory] Configuration Parameters - Can be set up in boot.config
    "memorysetup-bucket-allocator-granularity=16"
    "memorysetup-bucket-allocator-bucket-count=8"
    "memorysetup-bucket-allocator-block-size=33554432"
    "memorysetup-bucket-allocator-block-count=8"
    "memorysetup-main-allocator-block-size=16777216"
    "memorysetup-thread-allocator-block-size=16777216"
    "memorysetup-gfx-main-allocator-block-size=16777216"
    "memorysetup-gfx-thread-allocator-block-size=16777216"
    "memorysetup-cache-allocator-block-size=4194304"
    "memorysetup-typetree-allocator-block-size=2097152"
    "memorysetup-profiler-bucket-allocator-granularity=16"
    "memorysetup-profiler-bucket-allocator-bucket-count=8"
    "memorysetup-profiler-bucket-allocator-block-size=33554432"
    "memorysetup-profiler-bucket-allocator-block-count=8"
    "memorysetup-profiler-allocator-block-size=16777216"
    "memorysetup-profiler-editor-allocator-block-size=1048576"
    "memorysetup-temp-allocator-size-main=16777216"
    "memorysetup-job-temp-allocator-block-size=2097152"
    "memorysetup-job-temp-allocator-block-size-background=1048576"
    "memorysetup-job-temp-allocator-reduction-small-platforms=262144"
    "memorysetup-temp-allocator-size-background-worker=32768"
    "memorysetup-temp-allocator-size-job-worker=262144"
    "memorysetup-temp-allocator-size-preload-manager=33554432"
    "memorysetup-temp-allocator-size-nav-mesh-worker=65536"
    "memorysetup-temp-allocator-size-audio-worker=65536"
    "memorysetup-temp-allocator-size-cloud-worker=32768"
    "memorysetup-temp-allocator-size-gi-baking-worker=262144"
    "memorysetup-temp-allocator-size-gfx=262144"
Refreshing native plugins compatible for Editor in 305.88 ms, found 9 plugins.
Preloading 0 native plugins for Editor in 0.00 ms.
Initialize engine version: 2021.3.10f1 (1c7d0df0160b)
[Subsystems] Discovering subsystems at path C:/Program Files/Unity/Hub/Editor/2021.3.10f1/Editor/Data/Resources/UnitySubsystems
[Subsystems] Discovering subsystems at path C:/Users/Student/Documents/GitHub/Catnip/Assets
GfxDevice: creating device client; threaded=0; jobified=0
Direct3D:
    Version:  Direct3D 11.0 [level 11.1]
    Renderer: NVIDIA GeForce GTX 1080 (ID=0x1be0)
    Vendor:   NVIDIA
    VRAM:     8079 MB
    Driver:   27.21.14.5720
Initialize mono
Mono path[0] = 'C:/Program Files/Unity/Hub/Editor/2021.3.10f1/Editor/Data/Managed'
Mono path[1] = 'C:/Program Files/Unity/Hub/Editor/2021.3.10f1/Editor/Data/MonoBleedingEdge/lib/mono/unityjit-win32'
Mono config path = 'C:/Program Files/Unity/Hub/Editor/2021.3.10f1/Editor/Data/MonoBleedingEdge/etc'
Using monoOptions --debugger-agent=transport=dt_socket,embedding=1,server=y,suspend=n,address=127.0.0.1:56632
Begin MonoManager ReloadAssembly
Registering precompiled unity dll's ...
Register platform support module: C:/Program Files/Unity/Hub/Editor/2021.3.10f1/Editor/Data/PlaybackEngines/WindowsStandaloneSupport/UnityEditor.WindowsStandalone.Extensions.dll
Registered in 0.012935 seconds.
Native extension for WindowsStandalone target not found
Refreshing native plugins compatible for Editor in 128.37 ms, found 9 plugins.
Preloading 0 native plugins for Editor in 0.00 ms.
Mono: successfully reloaded assembly
- Completed reload, in  1.278 seconds
Domain Reload Profiling:
	ReloadAssembly (1279ms)
		BeginReloadAssembly (228ms)
			ExecutionOrderSort (0ms)
			DisableScriptedObjects (0ms)
			BackupInstance (0ms)
			ReleaseScriptingObjects (0ms)
			CreateAndSetChildDomain (2ms)
		EndReloadAssembly (857ms)
			LoadAssemblies (216ms)
			RebuildTransferFunctionScriptingTraits (0ms)
			SetupTypeCache (177ms)
			ReleaseScriptCaches (0ms)
			RebuildScriptCaches (76ms)
			SetupLoadedEditorAssemblies (513ms)
				LogAssemblyErrors (0ms)
				InitializePlatformSupportModulesInManaged (13ms)
				SetLoadedEditorAssemblies (1ms)
				RefreshPlugins (128ms)
				BeforeProcessingInitializeOnLoad (2ms)
				ProcessInitializeOnLoadAttributes (290ms)
				ProcessInitializeOnLoadMethodAttributes (79ms)
				AfterProcessingInitializeOnLoad (0ms)
				EditorAssembliesLoaded (0ms)
			ExecutionOrderSort2 (0ms)
			AwakeInstancesAfterBackupRestoration (0ms)
Platform modules already initialized, skipping
Registering precompiled user dll's ...
Registered in 0.016411 seconds.
Begin MonoManager ReloadAssembly
Symbol file LoadedFromMemory doesn't match image C:\Users\Student\Documents\GitHub\Catnip\Library\PackageCache\com.unity.visualscripting@1.7.8\Editor\VisualScripting.Core\Dependencies\DotNetZip\Unity.VisualScripting.IonicZip.dll
Symbol file LoadedFromMemory doesn't match image C:\Users\Student\Documents\GitHub\Catnip\Library\PackageCache\com.unity.visualscripting@1.7.8\Editor\VisualScripting.Core\Dependencies\YamlDotNet\Unity.VisualScripting.YamlDotNet.dll
Native extension for WindowsStandalone target not found
Refreshing native plugins compatible for Editor in 103.51 ms, found 9 plugins.
Preloading 0 native plugins for Editor in 0.00 ms.
Package Manager log level set to [2]
Mono: successfully reloaded assembly
- Completed reload, in  1.593 seconds
Domain Reload Profiling:
	ReloadAssembly (1594ms)
		BeginReloadAssembly (151ms)
			ExecutionOrderSort (0ms)
			DisableScriptedObjects (7ms)
			BackupInstance (0ms)
			ReleaseScriptingObjects (0ms)
			CreateAndSetChildDomain (27ms)
		EndReloadAssembly (1300ms)
			LoadAssemblies (123ms)
			RebuildTransferFunctionScriptingTraits (0ms)
			SetupTypeCache (376ms)
			ReleaseScriptCaches (1ms)
			RebuildScriptCaches (69ms)
			SetupLoadedEditorAssemblies (681ms)
				LogAssemblyErrors (0ms)
				InitializePlatformSupportModulesInManaged (6ms)
				SetLoadedEditorAssemblies (0ms)
				RefreshPlugins (104ms)
				BeforeProcessingInitializeOnLoad (119ms)
				ProcessInitializeOnLoadAttributes (407ms)
				ProcessInitializeOnLoadMethodAttributes (34ms)
				AfterProcessingInitializeOnLoad (10ms)
				EditorAssembliesLoaded (0ms)
			ExecutionOrderSort2 (0ms)
			AwakeInstancesAfterBackupRestoration (7ms)
Platform modules already initialized, skipping
========================================================================
Worker process is ready to serve import requests
Launched and connected shader compiler UnityShaderCompiler.exe after 0.05 seconds
Refreshing native plugins compatible for Editor in 3.64 ms, found 9 plugins.
Preloading 0 native plugins for Editor in 0.00 ms.
Unloading 3927 Unused Serialized files (Serialized files now loaded: 0)
Unloading 46 unused Assets / (57.7 KB). Loaded Objects now: 4374.
Memory consumption went from 139.0 MB to 138.9 MB.
Total: 8.873200 ms (FindLiveObjects: 0.499700 ms CreateObjectMapping: 0.466400 ms MarkObjects: 7.744700 ms  DeleteObjects: 0.160400 ms)

AssetImportParameters requested are different than current active one (requested -> active):
  custom:video-decoder-ogg-theora: a1e56fd34408186e4bbccfd4996cb3dc -> 
  custom:container-muxer-webm: aa71ff27fc2769a1b78a27578f13a17b -> 
  custom:container-demuxer-webm: 4f35f7cbe854078d1ac9338744f61a02 -> 
  custom:video-encoder-webm-vp8: eb34c28f22e8b96e1ab97ce403110664 -> 
  custom:audio-encoder-webm-vorbis: bf7c407c2cedff20999df2af8eb42d56 -> 
  custom:framework-win-MediaFoundation: 216162199b28c13a410421893ffa2e32 -> 
  custom:container-demuxer-ogg: 62fdf1f143b41e24485cea50d1cbac27 -> 
  custom:video-decoder-webm-vp8: 9c59270c3fd7afecdb556c50c9e8de78 -> 
  custom:audio-decoder-ogg-vorbis: bf7c407c2cedff20999df2af8eb42d56 -> 
========================================================================
Received Import Request.
  Time since last request: 5418.205343 seconds.
  path: Assets/Bed & Bath Furniture Pack/Materials/Materials
  artifactKey: Guid(a9c5ea736411ca04e9487b11795867b1) Importer(815301076,1909f56bfc062723c751e8b465ee728b)
Start importing Assets/Bed & Bath Furniture Pack/Materials/Materials using Guid(a9c5ea736411ca04e9487b11795867b1) Importer(815301076,1909f56bfc062723c751e8b465ee728b)  -> (artifact id: '5e4f6993c15a48ecf4ce40df584e4e1d') in 0.013294 seconds 
========================================================================
Received Import Request.
  Time since last request: 0.024494 seconds.
  path: Assets/Bed & Bath Furniture Pack/Materials/Materials/Bed_Frame_AlbedoTransparency.mat
  artifactKey: Guid(43d907074959af34aa11e048a66f9483) Importer(815301076,1909f56bfc062723c751e8b465ee728b)
Start importing Assets/Bed & Bath Furniture Pack/Materials/Materials/Bed_Frame_AlbedoTransparency.mat using Guid(43d907074959af34aa11e048a66f9483) Importer(815301076,1909f56bfc062723c751e8b465ee728b)  -> (artifact id: '28f18dd81759c4006b8310a8bb07e8ff') in 0.138284 seconds 
========================================================================
Received Import Request.
  Time since last request: 2.180534 seconds.
  path: Assets/Bed & Bath Furniture Pack/Materials/Textures
  artifactKey: Guid(3a643b642e3c7484e8791aef241fb43d) Importer(815301076,1909f56bfc062723c751e8b465ee728b)
Start importing Assets/Bed & Bath Furniture Pack/Materials/Textures using Guid(3a643b642e3c7484e8791aef241fb43d) Importer(815301076,1909f56bfc062723c751e8b465ee728b)  -> (artifact id: '7485a042404146daba6df063e8faa36d') in 0.002769 seconds 
========================================================================
Received Import Request.
  Time since last request: 13.434713 seconds.
  path: Assets/Interior Asset/Prefabs
  artifactKey: Guid(bd849bfa293d32e4d835473fcfe7928a) Importer(815301076,1909f56bfc062723c751e8b465ee728b)
Start importing Assets/Interior Asset/Prefabs using Guid(bd849bfa293d32e4d835473fcfe7928a) Importer(815301076,1909f56bfc062723c751e8b465ee728b)  -> (artifact id: '7a16c9ba4f614d24adff91abc816e029') in 0.003329 seconds 
========================================================================
Received Import Request.
  Time since last request: 0.045125 seconds.
  path: Assets/Interior Asset/Prefabs/ArmChair.prefab
  artifactKey: Guid(4f235d410f2807b42800587d271f09e5) Importer(815301076,1909f56bfc062723c751e8b465ee728b)
Start importing Assets/Interior Asset/Prefabs/ArmChair.prefab using Guid(4f235d410f2807b42800587d271f09e5) Importer(815301076,1909f56bfc062723c751e8b465ee728b)  -> (artifact id: 'b0991653d87903ead7dd9fa397fce3d1') in 0.165397 seconds 
========================================================================
Received Import Request.
  Time since last request: 0.000031 seconds.
  path: Assets/Interior Asset/Prefabs/Pic1.prefab
  artifactKey: Guid(f9963ebeb07cb7846bbb116a6fb4e1e2) Importer(815301076,1909f56bfc062723c751e8b465ee728b)
Start importing Assets/Interior Asset/Prefabs/Pic1.prefab using Guid(f9963ebeb07cb7846bbb116a6fb4e1e2) Importer(815301076,1909f56bfc062723c751e8b465ee728b)  -> (artifact id: '08f3f0b15c95dadf9ded77ffb4b8de50') in 0.062555 seconds 
========================================================================
Received Import Request.
  Time since last request: 0.000026 seconds.
  path: Assets/Interior Asset/Prefabs/Pic2.prefab
  artifactKey: Guid(31805c41f7dac8d478aee32600308a90) Importer(815301076,1909f56bfc062723c751e8b465ee728b)
Start importing Assets/Interior Asset/Prefabs/Pic2.prefab using Guid(31805c41f7dac8d478aee32600308a90) Importer(815301076,1909f56bfc062723c751e8b465ee728b)  -> (artifact id: 'c28302a5fb8516e9cdeff85fc8c7e522') in 0.057327 seconds 
========================================================================
Received Import Request.
  Time since last request: 0.000047 seconds.
  path: Assets/Interior Asset/Prefabs/Pot2.prefab
  artifactKey: Guid(58de2216369e0d14c9daa185bf9e7422) Importer(815301076,1909f56bfc062723c751e8b465ee728b)
Start importing Assets/Interior Asset/Prefabs/Pot2.prefab using Guid(58de2216369e0d14c9daa185bf9e7422) Importer(815301076,1909f56bfc062723c751e8b465ee728b)  -> (artifact id: 'e900c65c6b96bbfa7abdd00c2477738b') in 0.447564 seconds 
========================================================================
Received Import Request.
  Time since last request: 0.000049 seconds.
  path: Assets/Interior Asset/Prefabs/Pot1.prefab
  artifactKey: Guid(e85eb34fbf3cc5c45a49009ce670c14d) Importer(815301076,1909f56bfc062723c751e8b465ee728b)
Start importing Assets/Interior Asset/Prefabs/Pot1.prefab using Guid(e85eb34fbf3cc5c45a49009ce670c14d) Importer(815301076,1909f56bfc062723c751e8b465ee728b)  -> (artifact id: 'f794f1be1e5f7de96894d3666373de40') in 0.076402 seconds 
========================================================================
Received Import Request.
  Time since last request: 0.000138 seconds.
  path: Assets/Interior Asset/Prefabs/Shelf1.prefab
  artifactKey: Guid(237278d4519951c48888576c213b513f) Importer(815301076,1909f56bfc062723c751e8b465ee728b)
Start importing Assets/Interior Asset/Prefabs/Shelf1.prefab using Guid(237278d4519951c48888576c213b513f) Importer(815301076,1909f56bfc062723c751e8b465ee728b)  -> (artifact id: '43c7898af5b8a5237f980fcc77bb1d75') in 0.080105 seconds 
========================================================================
Received Import Request.
  Time since last request: 13.369879 seconds.
  path: Assets/Japanese-Style Series/Props/Cushion Pack/prefab/zabutonB01.prefab
  artifactKey: Guid(79480ccc7d585e440b07bc1fe9765c46) Importer(815301076,1909f56bfc062723c751e8b465ee728b)
Start importing Assets/Japanese-Style Series/Props/Cushion Pack/prefab/zabutonB01.prefab using Guid(79480ccc7d585e440b07bc1fe9765c46) Importer(815301076,1909f56bfc062723c751e8b465ee728b)  -> (artifact id: '89e1425700c5c28bd401c13b48a53947') in 0.041571 seconds 
========================================================================
Received Prepare
Registering precompiled user dll's ...
Registered in 0.015304 seconds.
Begin MonoManager ReloadAssembly
Symbol file LoadedFromMemory doesn't match image C:\Users\Student\Documents\GitHub\Catnip\Library\PackageCache\com.unity.visualscripting@1.7.8\Editor\VisualScripting.Core\Dependencies\DotNetZip\Unity.VisualScripting.IonicZip.dll
Symbol file LoadedFromMemory doesn't match image C:\Users\Student\Documents\GitHub\Catnip\Library\PackageCache\com.unity.visualscripting@1.7.8\Editor\VisualScripting.Core\Dependencies\YamlDotNet\Unity.VisualScripting.YamlDotNet.dll
Native extension for WindowsStandalone target not found
Refreshing native plugins compatible for Editor in 0.90 ms, found 9 plugins.
Preloading 0 native plugins for Editor in 0.00 ms.
Mono: successfully reloaded assembly
- Completed reload, in  2.255 seconds
Domain Reload Profiling:
	ReloadAssembly (2256ms)
		BeginReloadAssembly (338ms)
			ExecutionOrderSort (0ms)
			DisableScriptedObjects (23ms)
			BackupInstance (0ms)
			ReleaseScriptingObjects (1ms)
			CreateAndSetChildDomain (94ms)
		EndReloadAssembly (1675ms)
			LoadAssemblies (179ms)
			RebuildTransferFunctionScriptingTraits (0ms)
			SetupTypeCache (543ms)
			ReleaseScriptCaches (3ms)
			RebuildScriptCaches (113ms)
			SetupLoadedEditorAssemblies (754ms)
				LogAssemblyErrors (0ms)
				InitializePlatformSupportModulesInManaged (20ms)
				SetLoadedEditorAssemblies (2ms)
				RefreshPlugins (1ms)
				BeforeProcessingInitializeOnLoad (126ms)
				ProcessInitializeOnLoadAttributes (533ms)
				ProcessInitializeOnLoadMethodAttributes (57ms)
				AfterProcessingInitializeOnLoad (14ms)
				EditorAssembliesLoaded (0ms)
			ExecutionOrderSort2 (0ms)
			AwakeInstancesAfterBackupRestoration (8ms)
Platform modules already initialized, skipping
Refreshing native plugins compatible for Editor in 5.67 ms, found 9 plugins.
Preloading 0 native plugins for Editor in 0.00 ms.
Unloading 3907 Unused Serialized files (Serialized files now loaded: 0)
Unloading 36 unused Assets / (25.7 KB). Loaded Objects now: 4419.
Memory consumption went from 143.2 MB to 143.2 MB.
Total: 4.155200 ms (FindLiveObjects: 0.682600 ms CreateObjectMapping: 0.286700 ms MarkObjects: 3.123700 ms  DeleteObjects: 0.060200 ms)

AssetImportParameters requested are different than current active one (requested -> active):
  custom:video-decoder-ogg-theora: a1e56fd34408186e4bbccfd4996cb3dc -> 
  custom:container-muxer-webm: aa71ff27fc2769a1b78a27578f13a17b -> 
  custom:container-demuxer-webm: 4f35f7cbe854078d1ac9338744f61a02 -> 
  custom:video-encoder-webm-vp8: eb34c28f22e8b96e1ab97ce403110664 -> 
  custom:audio-encoder-webm-vorbis: bf7c407c2cedff20999df2af8eb42d56 -> 
  custom:framework-win-MediaFoundation: 216162199b28c13a410421893ffa2e32 -> 
  custom:container-demuxer-ogg: 62fdf1f143b41e24485cea50d1cbac27 -> 
  custom:video-decoder-webm-vp8: 9c59270c3fd7afecdb556c50c9e8de78 -> 
  custom:audio-decoder-ogg-vorbis: bf7c407c2cedff20999df2af8eb42d56 -> 
Editor requested this worker to shutdown with reason: Scaling down because of idle timeout
AssetImportWorker is now disconnected from the server
Process exiting
Exiting without the bug reporter. Application will terminate with return code 0